All imports successful
Starting to set up the MPI
MPI set up
starting to work on creating the data set
starting to work on simulation 32
simulation 32 : catalogue created
simulation 32 : data acquired
 density : 0.0022359423225308643
simulation 32 : histogram computed
data set fully created
All imports successful
Starting to set up the MPI
MPI set up
starting to work on creating the data set
starting to work on simulation 36
simulation 36 : catalogue created
simulation 36 : data acquired
 density : 0.002453826946159122
simulation 36 : histogram computed
data set fully created
All imports successful
Starting to set up the MPI
MPI set up
starting to work on creating the data set
starting to work on simulation 33
simulation 33 : catalogue created
simulation 33 : data acquired
 density : 0.0025333210090877916
simulation 33 : histogram computed
data set fully created
All imports successful
Starting to set up the MPI
MPI set up
starting to work on creating the data set
starting to work on simulation 40
simulation 40 : catalogue created
simulation 40 : data acquired
 density : 0.0025691068672839506
simulation 40 : histogram computed
data set fully created
All imports successful
Starting to set up the MPI
MPI set up
starting to work on creating the data set
starting to work on simulation 39
simulation 39 : catalogue created
simulation 39 : data acquired
 density : 0.002708349408436214
simulation 39 : histogram computed
data set fully created
All imports successful
Starting to set up the MPI
MPI set up
starting to work on creating the data set
starting to work on simulation 37
simulation 37 : catalogue created
simulation 37 : data acquired
 density : 0.002669474451303155
simulation 37 : histogram computed
data set fully created
All imports successful
Starting to set up the MPI
MPI set up
starting to work on creating the data set
starting to work on simulation 38
simulation 38 : catalogue created
simulation 38 : data acquired
 density : 0.002741729359567901
simulation 38 : histogram computed
data set fully created
All imports successful
Starting to set up the MPI
MPI set up
starting to work on creating the data set
starting to work on simulation 34
simulation 34 : catalogue created
simulation 34 : data acquired
 density : 0.002728606717249657
simulation 34 : histogram computed
data set fully created
All imports successful
Starting to set up the MPI
MPI set up
starting to work on creating the data set
starting to work on simulation 35
simulation 35 : catalogue created
simulation 35 : data acquired
 density : 0.0028855184756515777
simulation 35 : histogram computed
data set fully created
