All imports successful
starting to work on creating the data set
starting to work on simulation 0
simulation 0 : catalogue created
simulation 0 : data acquired
simulation 0 : histogram computed
simulation 0 : histogram read
simulation 0 : parameters read
simulation 0 : new data points created
simulation 0 : new data points added to the data sets
starting to work on simulation 1
simulation 1 : catalogue created
simulation 1 : data acquired
simulation 1 : histogram computed
simulation 1 : histogram read
simulation 1 : parameters read
simulation 1 : new data points created
simulation 1 : new data points added to the data sets
starting to work on simulation 2
simulation 2 : catalogue created
simulation 2 : data acquired
simulation 2 : histogram computed
simulation 2 : histogram read
simulation 2 : parameters read
simulation 2 : new data points created
simulation 2 : new data points added to the data sets
starting to work on simulation 3
simulation 3 : catalogue created
simulation 3 : data acquired
simulation 3 : histogram computed
simulation 3 : histogram read
simulation 3 : parameters read
simulation 3 : new data points created
simulation 3 : new data points added to the data sets
starting to work on simulation 4
simulation 4 : catalogue created
simulation 4 : data acquired
simulation 4 : histogram computed
simulation 4 : histogram read
simulation 4 : parameters read
simulation 4 : new data points created
simulation 4 : new data points added to the data sets
starting to work on simulation 5
simulation 5 : catalogue created
simulation 5 : data acquired
simulation 5 : histogram computed
simulation 5 : histogram read
simulation 5 : parameters read
simulation 5 : new data points created
simulation 5 : new data points added to the data sets
starting to work on simulation 6
simulation 6 : catalogue created
simulation 6 : data acquired
simulation 6 : histogram computed
simulation 6 : histogram read
simulation 6 : parameters read
simulation 6 : new data points created
simulation 6 : new data points added to the data sets
starting to work on simulation 7
simulation 7 : catalogue created
simulation 7 : data acquired
simulation 7 : histogram computed
simulation 7 : histogram read
simulation 7 : parameters read
simulation 7 : new data points created
simulation 7 : new data points added to the data sets
starting to work on simulation 8
simulation 8 : catalogue created
simulation 8 : data acquired
simulation 8 : histogram computed
simulation 8 : histogram read
simulation 8 : parameters read
simulation 8 : new data points created
simulation 8 : new data points added to the data sets
starting to work on simulation 9
simulation 9 : catalogue created
simulation 9 : data acquired
simulation 9 : histogram computed
simulation 9 : histogram read
simulation 9 : parameters read
simulation 9 : new data points created
simulation 9 : new data points added to the data sets
starting to work on simulation 10
simulation 10 : catalogue created
simulation 10 : data acquired
simulation 10 : histogram computed
simulation 10 : histogram read
simulation 10 : parameters read
simulation 10 : new data points created
simulation 10 : new data points added to the data sets
starting to work on simulation 11
simulation 11 : catalogue created
simulation 11 : data acquired
simulation 11 : histogram computed
simulation 11 : histogram read
simulation 11 : parameters read
simulation 11 : new data points created
simulation 11 : new data points added to the data sets
starting to work on simulation 12
simulation 12 : catalogue created
simulation 12 : data acquired
simulation 12 : histogram computed
simulation 12 : histogram read
simulation 12 : parameters read
simulation 12 : new data points created
simulation 12 : new data points added to the data sets
starting to work on simulation 13
simulation 13 : catalogue created
simulation 13 : data acquired
simulation 13 : histogram computed
simulation 13 : histogram read
simulation 13 : parameters read
simulation 13 : new data points created
simulation 13 : new data points added to the data sets
starting to work on simulation 14
simulation 14 : catalogue created
simulation 14 : data acquired
simulation 14 : histogram computed
simulation 14 : histogram read
simulation 14 : parameters read
simulation 14 : new data points created
simulation 14 : new data points added to the data sets
starting to work on simulation 15
simulation 15 : catalogue created
simulation 15 : data acquired
simulation 15 : histogram computed
simulation 15 : histogram read
simulation 15 : parameters read
simulation 15 : new data points created
simulation 15 : new data points added to the data sets
starting to work on simulation 16
simulation 16 : catalogue created
simulation 16 : data acquired
simulation 16 : histogram computed
simulation 16 : histogram read
simulation 16 : parameters read
simulation 16 : new data points created
simulation 16 : new data points added to the data sets
starting to work on simulation 17
simulation 17 : catalogue created
simulation 17 : data acquired
simulation 17 : histogram computed
simulation 17 : histogram read
simulation 17 : parameters read
simulation 17 : new data points created
simulation 17 : new data points added to the data sets
starting to work on simulation 18
simulation 18 : catalogue created
simulation 18 : data acquired
simulation 18 : histogram computed
simulation 18 : histogram read
simulation 18 : parameters read
simulation 18 : new data points created
simulation 18 : new data points added to the data sets
starting to work on simulation 19
simulation 19 : catalogue created
simulation 19 : data acquired
simulation 19 : histogram computed
simulation 19 : histogram read
simulation 19 : parameters read
simulation 19 : new data points created
simulation 19 : new data points added to the data sets
starting to work on simulation 20
simulation 20 : catalogue created
simulation 20 : data acquired
simulation 20 : histogram computed
simulation 20 : histogram read
simulation 20 : parameters read
simulation 20 : new data points created
simulation 20 : new data points added to the data sets
starting to work on simulation 21
simulation 21 : catalogue created
simulation 21 : data acquired
simulation 21 : histogram computed
simulation 21 : histogram read
simulation 21 : parameters read
simulation 21 : new data points created
simulation 21 : new data points added to the data sets
starting to work on simulation 22
simulation 22 : catalogue created
simulation 22 : data acquired
simulation 22 : histogram computed
simulation 22 : histogram read
simulation 22 : parameters read
simulation 22 : new data points created
simulation 22 : new data points added to the data sets
starting to work on simulation 23
simulation 23 : catalogue created
simulation 23 : data acquired
simulation 23 : histogram computed
simulation 23 : histogram read
simulation 23 : parameters read
simulation 23 : new data points created
simulation 23 : new data points added to the data sets
starting to work on simulation 24
simulation 24 : catalogue created
simulation 24 : data acquired
simulation 24 : histogram computed
simulation 24 : histogram read
simulation 24 : parameters read
simulation 24 : new data points created
simulation 24 : new data points added to the data sets
starting to work on simulation 25
simulation 25 : catalogue created
simulation 25 : data acquired
simulation 25 : histogram computed
simulation 25 : histogram read
simulation 25 : parameters read
simulation 25 : new data points created
simulation 25 : new data points added to the data sets
starting to work on simulation 26
simulation 26 : catalogue created
simulation 26 : data acquired
simulation 26 : histogram computed
simulation 26 : histogram read
simulation 26 : parameters read
simulation 26 : new data points created
simulation 26 : new data points added to the data sets
starting to work on simulation 27
simulation 27 : catalogue created
simulation 27 : data acquired
simulation 27 : histogram computed
simulation 27 : histogram read
simulation 27 : parameters read
simulation 27 : new data points created
simulation 27 : new data points added to the data sets
starting to work on simulation 28
simulation 28 : catalogue created
simulation 28 : data acquired
simulation 28 : histogram computed
simulation 28 : histogram read
simulation 28 : parameters read
simulation 28 : new data points created
simulation 28 : new data points added to the data sets
starting to work on simulation 29
simulation 29 : catalogue created
simulation 29 : data acquired
simulation 29 : histogram computed
simulation 29 : histogram read
simulation 29 : parameters read
simulation 29 : new data points created
simulation 29 : new data points added to the data sets
starting to work on simulation 30
simulation 30 : catalogue created
simulation 30 : data acquired
simulation 30 : histogram computed
simulation 30 : histogram read
simulation 30 : parameters read
simulation 30 : new data points created
simulation 30 : new data points added to the data sets
starting to work on simulation 31
simulation 31 : catalogue created
simulation 31 : data acquired
simulation 31 : histogram computed
simulation 31 : histogram read
simulation 31 : parameters read
simulation 31 : new data points created
simulation 31 : new data points added to the data sets
starting to work on simulation 32
simulation 32 : catalogue created
simulation 32 : data acquired
simulation 32 : histogram computed
simulation 32 : histogram read
simulation 32 : parameters read
simulation 32 : new data points created
simulation 32 : new data points added to the data sets
starting to work on simulation 33
simulation 33 : catalogue created
simulation 33 : data acquired
simulation 33 : histogram computed
simulation 33 : histogram read
simulation 33 : parameters read
simulation 33 : new data points created
simulation 33 : new data points added to the data sets
starting to work on simulation 34
simulation 34 : catalogue created
simulation 34 : data acquired
simulation 34 : histogram computed
simulation 34 : histogram read
simulation 34 : parameters read
simulation 34 : new data points created
simulation 34 : new data points added to the data sets
starting to work on simulation 35
simulation 35 : catalogue created
simulation 35 : data acquired
simulation 35 : histogram computed
simulation 35 : histogram read
simulation 35 : parameters read
simulation 35 : new data points created
simulation 35 : new data points added to the data sets
starting to work on simulation 36
simulation 36 : catalogue created
simulation 36 : data acquired
simulation 36 : histogram computed
simulation 36 : histogram read
simulation 36 : parameters read
simulation 36 : new data points created
simulation 36 : new data points added to the data sets
starting to work on simulation 37
simulation 37 : catalogue created
simulation 37 : data acquired
simulation 37 : histogram computed
simulation 37 : histogram read
simulation 37 : parameters read
simulation 37 : new data points created
simulation 37 : new data points added to the data sets
starting to work on simulation 38
simulation 38 : catalogue created
simulation 38 : data acquired
simulation 38 : histogram computed
simulation 38 : histogram read
simulation 38 : parameters read
simulation 38 : new data points created
simulation 38 : new data points added to the data sets
starting to work on simulation 39
simulation 39 : catalogue created
simulation 39 : data acquired
simulation 39 : histogram computed
simulation 39 : histogram read
simulation 39 : parameters read
simulation 39 : new data points created
simulation 39 : new data points added to the data sets
starting to work on simulation 40
simulation 40 : catalogue created
simulation 40 : data acquired
simulation 40 : histogram computed
simulation 40 : histogram read
simulation 40 : parameters read
simulation 40 : new data points created
simulation 40 : new data points added to the data sets
data set fully created
starting to work on saving the data set
data fully saved
Data set ready !
