OK, it worked
All imports successful
Connexion successfull
starting to load the data
data loaded
starting to define the kernels
kernels defined
data and test groups defined
starting to evaluate the performances
starting to work on kernel 0
kernel 0 group 0
kernel 0 group 1
kernel 0 group 2
kernel 0 group 3
kernel 0 group 4
kernel 0 group 5
kernel 0 group 6
kernel 0 group 7
kernel 0 group 8
kernel 0 group 9
work done on kernel 0
starting to work on kernel 1
kernel 1 group 0
kernel 1 group 1
kernel 1 group 2
kernel 1 group 3
kernel 1 group 4
kernel 1 group 5
kernel 1 group 6
kernel 1 group 7
kernel 1 group 8
kernel 1 group 9
work done on kernel 1
starting to work on kernel 2
kernel 2 group 0
kernel 2 group 1
kernel 2 group 2
kernel 2 group 3
kernel 2 group 4
kernel 2 group 5
kernel 2 group 6
kernel 2 group 7
kernel 2 group 8
kernel 2 group 9
work done on kernel 2
starting to work on kernel 3
kernel 3 group 0
kernel 3 group 1
kernel 3 group 2
kernel 3 group 3
kernel 3 group 4
kernel 3 group 5
kernel 3 group 6
kernel 3 group 7
kernel 3 group 8
kernel 3 group 9
work done on kernel 3
starting to work on kernel 4
kernel 4 group 0
kernel 4 group 1
kernel 4 group 2
kernel 4 group 3
kernel 4 group 4
kernel 4 group 5
kernel 4 group 6
kernel 4 group 7
kernel 4 group 8
kernel 4 group 9
work done on kernel 4
performances successfully evaluated
[(1.740445348055686, 0.033504696454498877), (1.0906019287943864, 0.12558426346178655), (1.445650518305745, 0.22742202656208602), (1.122994923098272, 0.1253849927322425), (1.2196536915774492, 0.06651238627295578)]
starting to plot the results
