All imports successful
Starting to set up the MPI
MPI set up
starting to work on creating the data set
starting to work on simulation 2
/hpcstorage/zhaoc/BOSS_PATCHY_MOCKS/PATCHY_CMASS/box1/CATALPTCICz0.466G960S1868385901.dat.bz2
file read
MST computed
histogram saved
work done on simulation 2
All imports successful
Starting to set up the MPI
MPI set up
starting to work on creating the data set
starting to work on simulation 3
/hpcstorage/zhaoc/BOSS_PATCHY_MOCKS/PATCHY_CMASS/box1/CATALPTCICz0.466G960S894193504.dat.bz2
file read
MST computed
histogram saved
work done on simulation 3
All imports successful
Starting to set up the MPI
MPI set up
starting to work on creating the data set
starting to work on simulation 0
/hpcstorage/zhaoc/BOSS_PATCHY_MOCKS/PATCHY_CMASS/box1/CATALPTCICz0.466G960S1963437886.dat.bz2
file read
MST computed
histogram saved
work done on simulation 0
All imports successful
Starting to set up the MPI
MPI set up
starting to work on creating the data set
starting to work on simulation 1
/hpcstorage/zhaoc/BOSS_PATCHY_MOCKS/PATCHY_CMASS/box1/CATALPTCICz0.466G960S526205821.dat.bz2
file read
MST computed
histogram saved
work done on simulation 1
All imports successful
Starting to set up the MPI
MPI set up
starting to work on creating the data set
starting to work on simulation 98
/hpcstorage/zhaoc/BOSS_PATCHY_MOCKS/PATCHY_CMASS/box1/CATALPTCICz0.466G960S1918116259.dat.bz2
file read
MST computed
histogram saved
work done on simulation 98
All imports successful
Starting to set up the MPI
MPI set up
starting to work on creating the data set
starting to work on simulation 16
/hpcstorage/zhaoc/BOSS_PATCHY_MOCKS/PATCHY_CMASS/box1/CATALPTCICz0.466G960S1274259151.dat.bz2
file read
MST computed
histogram saved
work done on simulation 16
All imports successful
Starting to set up the MPI
MPI set up
starting to work on creating the data set
starting to work on simulation 67
/hpcstorage/zhaoc/BOSS_PATCHY_MOCKS/PATCHY_CMASS/box1/CATALPTCICz0.466G960S854853218.dat.bz2
file read
MST computed
histogram saved
work done on simulation 67
All imports successful
Starting to set up the MPI
MPI set up
starting to work on creating the data set
starting to work on simulation 36
/hpcstorage/zhaoc/BOSS_PATCHY_MOCKS/PATCHY_CMASS/box1/CATALPTCICz0.466G960S76533019.dat.bz2
file read
MST computed
histogram saved
work done on simulation 36
All imports successful
Starting to set up the MPI
MPI set up
starting to work on creating the data set
starting to work on simulation 52
/hpcstorage/zhaoc/BOSS_PATCHY_MOCKS/PATCHY_CMASS/box1/CATALPTCICz0.466G960S1371608807.dat.bz2
file read
MST computed
histogram saved
work done on simulation 52
All imports successful
Starting to set up the MPI
MPI set up
starting to work on creating the data set
starting to work on simulation 85
/hpcstorage/zhaoc/BOSS_PATCHY_MOCKS/PATCHY_CMASS/box1/CATALPTCICz0.466G960S1677277400.dat.bz2
file read
MST computed
histogram saved
work done on simulation 85
All imports successful
Starting to set up the MPI
MPI set up
starting to work on creating the data set
starting to work on simulation 45
/hpcstorage/zhaoc/BOSS_PATCHY_MOCKS/PATCHY_CMASS/box1/CATALPTCICz0.466G960S1176763743.dat.bz2
file read
MST computed
histogram saved
work done on simulation 45
All imports successful
Starting to set up the MPI
MPI set up
starting to work on creating the data set
starting to work on simulation 37
/hpcstorage/zhaoc/BOSS_PATCHY_MOCKS/PATCHY_CMASS/box1/CATALPTCICz0.466G960S1871705099.dat.bz2
file read
MST computed
histogram saved
work done on simulation 37
All imports successful
Starting to set up the MPI
MPI set up
starting to work on creating the data set
starting to work on simulation 43
/hpcstorage/zhaoc/BOSS_PATCHY_MOCKS/PATCHY_CMASS/box1/CATALPTCICz0.466G960S1113449873.dat.bz2
file read
MST computed
histogram saved
work done on simulation 43
All imports successful
Starting to set up the MPI
MPI set up
starting to work on creating the data set
starting to work on simulation 50
/hpcstorage/zhaoc/BOSS_PATCHY_MOCKS/PATCHY_CMASS/box1/CATALPTCICz0.466G960S1804585467.dat.bz2
file read
MST computed
histogram saved
work done on simulation 50
All imports successful
Starting to set up the MPI
MPI set up
starting to work on creating the data set
starting to work on simulation 21
/hpcstorage/zhaoc/BOSS_PATCHY_MOCKS/PATCHY_CMASS/box1/CATALPTCICz0.466G960S1664538145.dat.bz2
file read
MST computed
histogram saved
work done on simulation 21
All imports successful
Starting to set up the MPI
MPI set up
starting to work on creating the data set
starting to work on simulation 49
/hpcstorage/zhaoc/BOSS_PATCHY_MOCKS/PATCHY_CMASS/box1/CATALPTCICz0.466G960S1367751145.dat.bz2
file read
MST computed
histogram saved
work done on simulation 49
All imports successful
Starting to set up the MPI
MPI set up
starting to work on creating the data set
starting to work on simulation 5
/hpcstorage/zhaoc/BOSS_PATCHY_MOCKS/PATCHY_CMASS/box1/CATALPTCICz0.466G960S1262004453.dat.bz2
file read
MST computed
histogram saved
work done on simulation 5
All imports successful
Starting to set up the MPI
MPI set up
starting to work on creating the data set
starting to work on simulation 24
/hpcstorage/zhaoc/BOSS_PATCHY_MOCKS/PATCHY_CMASS/box1/CATALPTCICz0.466G960S1114188932.dat.bz2
file read
MST computed
histogram saved
work done on simulation 24
All imports successful
Starting to set up the MPI
MPI set up
starting to work on creating the data set
starting to work on simulation 4
/hpcstorage/zhaoc/BOSS_PATCHY_MOCKS/PATCHY_CMASS/box1/CATALPTCICz0.466G960S1644127019.dat.bz2
file read
MST computed
histogram saved
work done on simulation 4
All imports successful
Starting to set up the MPI
MPI set up
starting to work on creating the data set
starting to work on simulation 61
/hpcstorage/zhaoc/BOSS_PATCHY_MOCKS/PATCHY_CMASS/box1/CATALPTCICz0.466G960S289937724.dat.bz2
file read
MST computed
histogram saved
work done on simulation 61
All imports successful
Starting to set up the MPI
MPI set up
starting to work on creating the data set
starting to work on simulation 12
/hpcstorage/zhaoc/BOSS_PATCHY_MOCKS/PATCHY_CMASS/box1/CATALPTCICz0.466G960S1658015962.dat.bz2
file read
MST computed
histogram saved
work done on simulation 12
All imports successful
Starting to set up the MPI
MPI set up
starting to work on creating the data set
starting to work on simulation 73
/hpcstorage/zhaoc/BOSS_PATCHY_MOCKS/PATCHY_CMASS/box1/CATALPTCICz0.466G960S1054573241.dat.bz2
file read
MST computed
histogram saved
work done on simulation 73
All imports successful
Starting to set up the MPI
MPI set up
starting to work on creating the data set
starting to work on simulation 79
/hpcstorage/zhaoc/BOSS_PATCHY_MOCKS/PATCHY_CMASS/box1/CATALPTCICz0.466G960S1204015223.dat.bz2
file read
MST computed
histogram saved
work done on simulation 79
All imports successful
Starting to set up the MPI
MPI set up
starting to work on creating the data set
starting to work on simulation 95
/hpcstorage/zhaoc/BOSS_PATCHY_MOCKS/PATCHY_CMASS/box1/CATALPTCICz0.466G960S1067749740.dat.bz2
file read
MST computed
histogram saved
work done on simulation 95
All imports successful
Starting to set up the MPI
MPI set up
starting to work on creating the data set
starting to work on simulation 31
/hpcstorage/zhaoc/BOSS_PATCHY_MOCKS/PATCHY_CMASS/box1/CATALPTCICz0.466G960S706090063.dat.bz2
file read
MST computed
histogram saved
work done on simulation 31
All imports successful
Starting to set up the MPI
MPI set up
starting to work on creating the data set
starting to work on simulation 10
/hpcstorage/zhaoc/BOSS_PATCHY_MOCKS/PATCHY_CMASS/box1/CATALPTCICz0.466G960S102036394.dat.bz2
file read
MST computed
histogram saved
work done on simulation 10
All imports successful
Starting to set up the MPI
MPI set up
starting to work on creating the data set
starting to work on simulation 59
/hpcstorage/zhaoc/BOSS_PATCHY_MOCKS/PATCHY_CMASS/box1/CATALPTCICz0.466G960S1477629105.dat.bz2
file read
MST computed
histogram saved
work done on simulation 59
All imports successful
Starting to set up the MPI
MPI set up
starting to work on creating the data set
starting to work on simulation 68
/hpcstorage/zhaoc/BOSS_PATCHY_MOCKS/PATCHY_CMASS/box1/CATALPTCICz0.466G960S1683802158.dat.bz2
file read
MST computed
histogram saved
work done on simulation 68
All imports successful
Starting to set up the MPI
MPI set up
starting to work on creating the data set
starting to work on simulation 93
/hpcstorage/zhaoc/BOSS_PATCHY_MOCKS/PATCHY_CMASS/box1/CATALPTCICz0.466G960S2073672614.dat.bz2
file read
MST computed
histogram saved
work done on simulation 93
All imports successful
Starting to set up the MPI
MPI set up
starting to work on creating the data set
starting to work on simulation 11
/hpcstorage/zhaoc/BOSS_PATCHY_MOCKS/PATCHY_CMASS/box1/CATALPTCICz0.466G960S1110434567.dat.bz2
file read
MST computed
histogram saved
work done on simulation 11
All imports successful
Starting to set up the MPI
MPI set up
starting to work on creating the data set
starting to work on simulation 48
/hpcstorage/zhaoc/BOSS_PATCHY_MOCKS/PATCHY_CMASS/box1/CATALPTCICz0.466G960S90181359.dat.bz2
file read
MST computed
histogram saved
work done on simulation 48
All imports successful
Starting to set up the MPI
MPI set up
starting to work on creating the data set
starting to work on simulation 80
/hpcstorage/zhaoc/BOSS_PATCHY_MOCKS/PATCHY_CMASS/box1/CATALPTCICz0.466G960S1921242054.dat.bz2
file read
MST computed
histogram saved
work done on simulation 80
All imports successful
Starting to set up the MPI
MPI set up
starting to work on creating the data set
starting to work on simulation 82
/hpcstorage/zhaoc/BOSS_PATCHY_MOCKS/PATCHY_CMASS/box1/CATALPTCICz0.466G960S180362989.dat.bz2
file read
MST computed
histogram saved
work done on simulation 82
All imports successful
Starting to set up the MPI
MPI set up
starting to work on creating the data set
starting to work on simulation 81
/hpcstorage/zhaoc/BOSS_PATCHY_MOCKS/PATCHY_CMASS/box1/CATALPTCICz0.466G960S1590758625.dat.bz2
file read
MST computed
histogram saved
work done on simulation 81
All imports successful
Starting to set up the MPI
MPI set up
starting to work on creating the data set
starting to work on simulation 92
/hpcstorage/zhaoc/BOSS_PATCHY_MOCKS/PATCHY_CMASS/box1/CATALPTCICz0.466G960S653315835.dat.bz2
file read
MST computed
histogram saved
work done on simulation 92
All imports successful
Starting to set up the MPI
MPI set up
starting to work on creating the data set
starting to work on simulation 62
/hpcstorage/zhaoc/BOSS_PATCHY_MOCKS/PATCHY_CMASS/box1/CATALPTCICz0.466G960S168000346.dat.bz2
file read
MST computed
histogram saved
work done on simulation 62
All imports successful
Starting to set up the MPI
MPI set up
starting to work on creating the data set
starting to work on simulation 9
/hpcstorage/zhaoc/BOSS_PATCHY_MOCKS/PATCHY_CMASS/box1/CATALPTCICz0.466G960S1479220031.dat.bz2
file read
MST computed
histogram saved
work done on simulation 9
All imports successful
Starting to set up the MPI
MPI set up
starting to work on creating the data set
starting to work on simulation 42
/hpcstorage/zhaoc/BOSS_PATCHY_MOCKS/PATCHY_CMASS/box1/CATALPTCICz0.466G960S2008417666.dat.bz2
file read
MST computed
histogram saved
work done on simulation 42
All imports successful
Starting to set up the MPI
MPI set up
starting to work on creating the data set
starting to work on simulation 26
/hpcstorage/zhaoc/BOSS_PATCHY_MOCKS/PATCHY_CMASS/box1/CATALPTCICz0.466G960S599488052.dat.bz2
file read
MST computed
histogram saved
work done on simulation 26
All imports successful
Starting to set up the MPI
MPI set up
starting to work on creating the data set
starting to work on simulation 64
/hpcstorage/zhaoc/BOSS_PATCHY_MOCKS/PATCHY_CMASS/box1/CATALPTCICz0.466G960S1397324094.dat.bz2
file read
MST computed
histogram saved
work done on simulation 64
All imports successful
Starting to set up the MPI
MPI set up
starting to work on creating the data set
starting to work on simulation 60
/hpcstorage/zhaoc/BOSS_PATCHY_MOCKS/PATCHY_CMASS/box1/CATALPTCICz0.466G960S349693488.dat.bz2
file read
MST computed
histogram saved
work done on simulation 60
All imports successful
Starting to set up the MPI
MPI set up
starting to work on creating the data set
starting to work on simulation 20
/hpcstorage/zhaoc/BOSS_PATCHY_MOCKS/PATCHY_CMASS/box1/CATALPTCICz0.466G960S78225140.dat.bz2
file read
MST computed
histogram saved
work done on simulation 20
All imports successful
Starting to set up the MPI
MPI set up
starting to work on creating the data set
starting to work on simulation 46
/hpcstorage/zhaoc/BOSS_PATCHY_MOCKS/PATCHY_CMASS/box1/CATALPTCICz0.466G960S877093112.dat.bz2
file read
MST computed
histogram saved
work done on simulation 46
All imports successful
Starting to set up the MPI
MPI set up
starting to work on creating the data set
starting to work on simulation 38
/hpcstorage/zhaoc/BOSS_PATCHY_MOCKS/PATCHY_CMASS/box1/CATALPTCICz0.466G960S889288774.dat.bz2
file read
MST computed
histogram saved
work done on simulation 38
All imports successful
Starting to set up the MPI
MPI set up
starting to work on creating the data set
starting to work on simulation 8
/hpcstorage/zhaoc/BOSS_PATCHY_MOCKS/PATCHY_CMASS/box1/CATALPTCICz0.466G960S1524490253.dat.bz2
file read
MST computed
histogram saved
work done on simulation 8
All imports successful
Starting to set up the MPI
MPI set up
starting to work on creating the data set
starting to work on simulation 6
/hpcstorage/zhaoc/BOSS_PATCHY_MOCKS/PATCHY_CMASS/box1/CATALPTCICz0.466G960S41869182.dat.bz2
file read
MST computed
histogram saved
work done on simulation 6
All imports successful
Starting to set up the MPI
MPI set up
starting to work on creating the data set
starting to work on simulation 55
/hpcstorage/zhaoc/BOSS_PATCHY_MOCKS/PATCHY_CMASS/box1/CATALPTCICz0.466G960S696339425.dat.bz2
file read
MST computed
histogram saved
work done on simulation 55
All imports successful
Starting to set up the MPI
MPI set up
starting to work on creating the data set
starting to work on simulation 51
/hpcstorage/zhaoc/BOSS_PATCHY_MOCKS/PATCHY_CMASS/box1/CATALPTCICz0.466G960S1008085036.dat.bz2
file read
MST computed
histogram saved
work done on simulation 51
All imports successful
Starting to set up the MPI
MPI set up
starting to work on creating the data set
starting to work on simulation 56
/hpcstorage/zhaoc/BOSS_PATCHY_MOCKS/PATCHY_CMASS/box1/CATALPTCICz0.466G960S1431773317.dat.bz2
file read
MST computed
histogram saved
work done on simulation 56
All imports successful
Starting to set up the MPI
MPI set up
starting to work on creating the data set
starting to work on simulation 63
/hpcstorage/zhaoc/BOSS_PATCHY_MOCKS/PATCHY_CMASS/box1/CATALPTCICz0.466G960S1314091411.dat.bz2
file read
MST computed
histogram saved
work done on simulation 63
All imports successful
Starting to set up the MPI
MPI set up
starting to work on creating the data set
starting to work on simulation 97
/hpcstorage/zhaoc/BOSS_PATCHY_MOCKS/PATCHY_CMASS/box1/CATALPTCICz0.466G960S1594480644.dat.bz2
file read
MST computed
histogram saved
work done on simulation 97
All imports successful
Starting to set up the MPI
MPI set up
starting to work on creating the data set
starting to work on simulation 84
/hpcstorage/zhaoc/BOSS_PATCHY_MOCKS/PATCHY_CMASS/box1/CATALPTCICz0.466G960S1289209941.dat.bz2
file read
MST computed
histogram saved
work done on simulation 84
All imports successful
Starting to set up the MPI
MPI set up
starting to work on creating the data set
starting to work on simulation 69
/hpcstorage/zhaoc/BOSS_PATCHY_MOCKS/PATCHY_CMASS/box1/CATALPTCICz0.466G960S1219557367.dat.bz2
file read
MST computed
histogram saved
work done on simulation 69
All imports successful
Starting to set up the MPI
MPI set up
starting to work on creating the data set
starting to work on simulation 57
/hpcstorage/zhaoc/BOSS_PATCHY_MOCKS/PATCHY_CMASS/box1/CATALPTCICz0.466G960S739816941.dat.bz2
file read
MST computed
histogram saved
work done on simulation 57
All imports successful
Starting to set up the MPI
MPI set up
starting to work on creating the data set
starting to work on simulation 65
/hpcstorage/zhaoc/BOSS_PATCHY_MOCKS/PATCHY_CMASS/box1/CATALPTCICz0.466G960S1475401692.dat.bz2
file read
MST computed
histogram saved
work done on simulation 65
All imports successful
Starting to set up the MPI
MPI set up
starting to work on creating the data set
starting to work on simulation 13
/hpcstorage/zhaoc/BOSS_PATCHY_MOCKS/PATCHY_CMASS/box1/CATALPTCICz0.466G960S1602453706.dat.bz2
file read
MST computed
histogram saved
work done on simulation 13
All imports successful
Starting to set up the MPI
MPI set up
starting to work on creating the data set
starting to work on simulation 19
/hpcstorage/zhaoc/BOSS_PATCHY_MOCKS/PATCHY_CMASS/box1/CATALPTCICz0.466G960S1992675680.dat.bz2
file read
MST computed
histogram saved
work done on simulation 19
All imports successful
Starting to set up the MPI
MPI set up
starting to work on creating the data set
starting to work on simulation 47
/hpcstorage/zhaoc/BOSS_PATCHY_MOCKS/PATCHY_CMASS/box1/CATALPTCICz0.466G960S927890260.dat.bz2
file read
MST computed
histogram saved
work done on simulation 47
All imports successful
Starting to set up the MPI
MPI set up
starting to work on creating the data set
starting to work on simulation 18
/hpcstorage/zhaoc/BOSS_PATCHY_MOCKS/PATCHY_CMASS/box1/CATALPTCICz0.466G960S272565369.dat.bz2
file read
MST computed
histogram saved
work done on simulation 18
All imports successful
Starting to set up the MPI
MPI set up
starting to work on creating the data set
starting to work on simulation 53
/hpcstorage/zhaoc/BOSS_PATCHY_MOCKS/PATCHY_CMASS/box1/CATALPTCICz0.466G960S1239847718.dat.bz2
file read
MST computed
histogram saved
work done on simulation 53
All imports successful
Starting to set up the MPI
MPI set up
starting to work on creating the data set
starting to work on simulation 75
/hpcstorage/zhaoc/BOSS_PATCHY_MOCKS/PATCHY_CMASS/box1/CATALPTCICz0.466G960S1289878185.dat.bz2
file read
MST computed
histogram saved
work done on simulation 75
All imports successful
Starting to set up the MPI
MPI set up
starting to work on creating the data set
starting to work on simulation 54
/hpcstorage/zhaoc/BOSS_PATCHY_MOCKS/PATCHY_CMASS/box1/CATALPTCICz0.466G960S829753406.dat.bz2
file read
MST computed
histogram saved
work done on simulation 54
All imports successful
Starting to set up the MPI
MPI set up
starting to work on creating the data set
starting to work on simulation 39
/hpcstorage/zhaoc/BOSS_PATCHY_MOCKS/PATCHY_CMASS/box1/CATALPTCICz0.466G960S363202087.dat.bz2
file read
MST computed
histogram saved
work done on simulation 39
All imports successful
Starting to set up the MPI
MPI set up
starting to work on creating the data set
starting to work on simulation 58
/hpcstorage/zhaoc/BOSS_PATCHY_MOCKS/PATCHY_CMASS/box1/CATALPTCICz0.466G960S1558327320.dat.bz2
file read
MST computed
histogram saved
work done on simulation 58
All imports successful
Starting to set up the MPI
MPI set up
starting to work on creating the data set
starting to work on simulation 41
/hpcstorage/zhaoc/BOSS_PATCHY_MOCKS/PATCHY_CMASS/box1/CATALPTCICz0.466G960S286533918.dat.bz2
file read
MST computed
histogram saved
work done on simulation 41
All imports successful
Starting to set up the MPI
MPI set up
starting to work on creating the data set
starting to work on simulation 40
/hpcstorage/zhaoc/BOSS_PATCHY_MOCKS/PATCHY_CMASS/box1/CATALPTCICz0.466G960S1749262205.dat.bz2
file read
MST computed
histogram saved
work done on simulation 40
All imports successful
Starting to set up the MPI
MPI set up
starting to work on creating the data set
starting to work on simulation 99
/hpcstorage/zhaoc/BOSS_PATCHY_MOCKS/PATCHY_CMASS/box1/CATALPTCICz0.466G960S1688948600.dat.bz2
file read
MST computed
histogram saved
work done on simulation 99
All imports successful
Starting to set up the MPI
MPI set up
starting to work on creating the data set
starting to work on simulation 76
/hpcstorage/zhaoc/BOSS_PATCHY_MOCKS/PATCHY_CMASS/box1/CATALPTCICz0.466G960S1427295895.dat.bz2
file read
MST computed
histogram saved
work done on simulation 76
All imports successful
Starting to set up the MPI
MPI set up
starting to work on creating the data set
starting to work on simulation 15
/hpcstorage/zhaoc/BOSS_PATCHY_MOCKS/PATCHY_CMASS/box1/CATALPTCICz0.466G960S1409803201.dat.bz2
file read
MST computed
histogram saved
work done on simulation 15
All imports successful
Starting to set up the MPI
MPI set up
starting to work on creating the data set
starting to work on simulation 30
/hpcstorage/zhaoc/BOSS_PATCHY_MOCKS/PATCHY_CMASS/box1/CATALPTCICz0.466G960S1164273771.dat.bz2
file read
MST computed
histogram saved
work done on simulation 30
All imports successful
Starting to set up the MPI
MPI set up
starting to work on creating the data set
starting to work on simulation 90
/hpcstorage/zhaoc/BOSS_PATCHY_MOCKS/PATCHY_CMASS/box1/CATALPTCICz0.466G960S1972005024.dat.bz2
file read
MST computed
histogram saved
work done on simulation 90
All imports successful
Starting to set up the MPI
MPI set up
starting to work on creating the data set
starting to work on simulation 87
/hpcstorage/zhaoc/BOSS_PATCHY_MOCKS/PATCHY_CMASS/box1/CATALPTCICz0.466G960S511402554.dat.bz2
file read
MST computed
histogram saved
work done on simulation 87
All imports successful
Starting to set up the MPI
MPI set up
starting to work on creating the data set
starting to work on simulation 17
/hpcstorage/zhaoc/BOSS_PATCHY_MOCKS/PATCHY_CMASS/box1/CATALPTCICz0.466G960S1207029981.dat.bz2
file read
MST computed
histogram saved
work done on simulation 17
All imports successful
Starting to set up the MPI
MPI set up
starting to work on creating the data set
starting to work on simulation 78
/hpcstorage/zhaoc/BOSS_PATCHY_MOCKS/PATCHY_CMASS/box1/CATALPTCICz0.466G960S294478884.dat.bz2
file read
MST computed
histogram saved
work done on simulation 78
All imports successful
Starting to set up the MPI
MPI set up
starting to work on creating the data set
starting to work on simulation 71
/hpcstorage/zhaoc/BOSS_PATCHY_MOCKS/PATCHY_CMASS/box1/CATALPTCICz0.466G960S1141072742.dat.bz2
file read
MST computed
histogram saved
work done on simulation 71
All imports successful
Starting to set up the MPI
MPI set up
starting to work on creating the data set
starting to work on simulation 66
/hpcstorage/zhaoc/BOSS_PATCHY_MOCKS/PATCHY_CMASS/box1/CATALPTCICz0.466G960S1887168776.dat.bz2
file read
MST computed
histogram saved
work done on simulation 66
All imports successful
Starting to set up the MPI
MPI set up
starting to work on creating the data set
starting to work on simulation 44
/hpcstorage/zhaoc/BOSS_PATCHY_MOCKS/PATCHY_CMASS/box1/CATALPTCICz0.466G960S1356488904.dat.bz2
file read
MST computed
histogram saved
work done on simulation 44
All imports successful
Starting to set up the MPI
MPI set up
starting to work on creating the data set
starting to work on simulation 70
/hpcstorage/zhaoc/BOSS_PATCHY_MOCKS/PATCHY_CMASS/box1/CATALPTCICz0.466G960S205000556.dat.bz2
file read
MST computed
histogram saved
work done on simulation 70
All imports successful
Starting to set up the MPI
MPI set up
starting to work on creating the data set
starting to work on simulation 22
/hpcstorage/zhaoc/BOSS_PATCHY_MOCKS/PATCHY_CMASS/box1/CATALPTCICz0.466G960S1473219431.dat.bz2
file read
MST computed
histogram saved
work done on simulation 22
All imports successful
Starting to set up the MPI
MPI set up
starting to work on creating the data set
starting to work on simulation 94
/hpcstorage/zhaoc/BOSS_PATCHY_MOCKS/PATCHY_CMASS/box1/CATALPTCICz0.466G960S1721314155.dat.bz2
file read
MST computed
histogram saved
work done on simulation 94
All imports successful
Starting to set up the MPI
MPI set up
starting to work on creating the data set
starting to work on simulation 86
/hpcstorage/zhaoc/BOSS_PATCHY_MOCKS/PATCHY_CMASS/box1/CATALPTCICz0.466G960S1812604238.dat.bz2
file read
MST computed
histogram saved
work done on simulation 86
All imports successful
Starting to set up the MPI
MPI set up
starting to work on creating the data set
starting to work on simulation 33
/hpcstorage/zhaoc/BOSS_PATCHY_MOCKS/PATCHY_CMASS/box1/CATALPTCICz0.466G960S1019196828.dat.bz2
file read
MST computed
histogram saved
work done on simulation 33
All imports successful
Starting to set up the MPI
MPI set up
starting to work on creating the data set
starting to work on simulation 14
/hpcstorage/zhaoc/BOSS_PATCHY_MOCKS/PATCHY_CMASS/box1/CATALPTCICz0.466G960S377222120.dat.bz2
file read
MST computed
histogram saved
work done on simulation 14
All imports successful
Starting to set up the MPI
MPI set up
starting to work on creating the data set
starting to work on simulation 28
/hpcstorage/zhaoc/BOSS_PATCHY_MOCKS/PATCHY_CMASS/box1/CATALPTCICz0.466G960S1534617702.dat.bz2
file read
MST computed
histogram saved
work done on simulation 28
All imports successful
Starting to set up the MPI
MPI set up
starting to work on creating the data set
starting to work on simulation 34
/hpcstorage/zhaoc/BOSS_PATCHY_MOCKS/PATCHY_CMASS/box1/CATALPTCICz0.466G960S1323050082.dat.bz2
file read
MST computed
histogram saved
work done on simulation 34
All imports successful
Starting to set up the MPI
MPI set up
starting to work on creating the data set
starting to work on simulation 7
/hpcstorage/zhaoc/BOSS_PATCHY_MOCKS/PATCHY_CMASS/box1/CATALPTCICz0.466G960S756669928.dat.bz2
file read
MST computed
histogram saved
work done on simulation 7
All imports successful
Starting to set up the MPI
MPI set up
starting to work on creating the data set
starting to work on simulation 35
/hpcstorage/zhaoc/BOSS_PATCHY_MOCKS/PATCHY_CMASS/box1/CATALPTCICz0.466G960S1813530111.dat.bz2
file read
MST computed
histogram saved
work done on simulation 35
All imports successful
Starting to set up the MPI
MPI set up
starting to work on creating the data set
starting to work on simulation 91
/hpcstorage/zhaoc/BOSS_PATCHY_MOCKS/PATCHY_CMASS/box1/CATALPTCICz0.466G960S412503281.dat.bz2
file read
MST computed
histogram saved
work done on simulation 91
All imports successful
Starting to set up the MPI
MPI set up
starting to work on creating the data set
starting to work on simulation 32
/hpcstorage/zhaoc/BOSS_PATCHY_MOCKS/PATCHY_CMASS/box1/CATALPTCICz0.466G960S478351141.dat.bz2
file read
MST computed
histogram saved
work done on simulation 32
All imports successful
Starting to set up the MPI
MPI set up
starting to work on creating the data set
starting to work on simulation 83
/hpcstorage/zhaoc/BOSS_PATCHY_MOCKS/PATCHY_CMASS/box1/CATALPTCICz0.466G960S163560729.dat.bz2
file read
MST computed
histogram saved
work done on simulation 83
All imports successful
Starting to set up the MPI
MPI set up
starting to work on creating the data set
starting to work on simulation 74
/hpcstorage/zhaoc/BOSS_PATCHY_MOCKS/PATCHY_CMASS/box1/CATALPTCICz0.466G960S1912138653.dat.bz2
file read
MST computed
histogram saved
work done on simulation 74
All imports successful
Starting to set up the MPI
MPI set up
starting to work on creating the data set
starting to work on simulation 77
/hpcstorage/zhaoc/BOSS_PATCHY_MOCKS/PATCHY_CMASS/box1/CATALPTCICz0.466G960S1412410521.dat.bz2
file read
MST computed
histogram saved
work done on simulation 77
All imports successful
Starting to set up the MPI
MPI set up
starting to work on creating the data set
starting to work on simulation 89
/hpcstorage/zhaoc/BOSS_PATCHY_MOCKS/PATCHY_CMASS/box1/CATALPTCICz0.466G960S144556593.dat.bz2
file read
MST computed
histogram saved
work done on simulation 89
All imports successful
Starting to set up the MPI
MPI set up
starting to work on creating the data set
starting to work on simulation 96
/hpcstorage/zhaoc/BOSS_PATCHY_MOCKS/PATCHY_CMASS/box1/CATALPTCICz0.466G960S184359546.dat.bz2
file read
MST computed
histogram saved
work done on simulation 96
All imports successful
Starting to set up the MPI
MPI set up
starting to work on creating the data set
starting to work on simulation 27
/hpcstorage/zhaoc/BOSS_PATCHY_MOCKS/PATCHY_CMASS/box1/CATALPTCICz0.466G960S1084075009.dat.bz2
file read
MST computed
histogram saved
work done on simulation 27
All imports successful
Starting to set up the MPI
MPI set up
starting to work on creating the data set
starting to work on simulation 88
/hpcstorage/zhaoc/BOSS_PATCHY_MOCKS/PATCHY_CMASS/box1/CATALPTCICz0.466G960S1957637951.dat.bz2
file read
MST computed
histogram saved
work done on simulation 88
All imports successful
Starting to set up the MPI
MPI set up
starting to work on creating the data set
starting to work on simulation 72
/hpcstorage/zhaoc/BOSS_PATCHY_MOCKS/PATCHY_CMASS/box1/CATALPTCICz0.466G960S903542203.dat.bz2
file read
MST computed
histogram saved
work done on simulation 72
All imports successful
Starting to set up the MPI
MPI set up
starting to work on creating the data set
starting to work on simulation 23
/hpcstorage/zhaoc/BOSS_PATCHY_MOCKS/PATCHY_CMASS/box1/CATALPTCICz0.466G960S1886319023.dat.bz2
file read
MST computed
histogram saved
work done on simulation 23
All imports successful
Starting to set up the MPI
MPI set up
starting to work on creating the data set
starting to work on simulation 25
/hpcstorage/zhaoc/BOSS_PATCHY_MOCKS/PATCHY_CMASS/box1/CATALPTCICz0.466G960S1724916751.dat.bz2
file read
MST computed
histogram saved
work done on simulation 25
All imports successful
Starting to set up the MPI
MPI set up
starting to work on creating the data set
starting to work on simulation 29
/hpcstorage/zhaoc/BOSS_PATCHY_MOCKS/PATCHY_CMASS/box1/CATALPTCICz0.466G960S197748138.dat.bz2
file read
MST computed
histogram saved
work done on simulation 29
