All imports successful
starting to work on creating the data set
starting to work on simulation 0
simulation 0 : catalogue created
simulation 0 : data acquired
simulation 0 : catalogue reduced to the BigMD density
simulation 0 : histogram computed
starting to work on simulation 1
simulation 1 : catalogue created
simulation 1 : data acquired
simulation 1 : catalogue reduced to the BigMD density
simulation 1 : histogram computed
starting to work on simulation 2
simulation 2 : catalogue created
simulation 2 : data acquired
simulation 2 : catalogue reduced to the BigMD density
simulation 2 : histogram computed
starting to work on simulation 3
simulation 3 : catalogue created
simulation 3 : data acquired
simulation 3 : catalogue reduced to the BigMD density
simulation 3 : histogram computed
starting to work on simulation 4
simulation 4 : catalogue created
simulation 4 : data acquired
simulation 4 : catalogue reduced to the BigMD density
simulation 4 : histogram computed
starting to work on simulation 5
simulation 5 : catalogue created
simulation 5 : data acquired
simulation 5 : catalogue reduced to the BigMD density
simulation 5 : histogram computed
starting to work on simulation 6
simulation 6 : catalogue created
simulation 6 : data acquired
simulation 6 : catalogue reduced to the BigMD density
simulation 6 : histogram computed
starting to work on simulation 7
simulation 7 : catalogue created
simulation 7 : data acquired
simulation 7 : catalogue reduced to the BigMD density
simulation 7 : histogram computed
starting to work on simulation 8
simulation 8 : catalogue created
simulation 8 : data acquired
simulation 8 : catalogue reduced to the BigMD density
simulation 8 : histogram computed
starting to work on simulation 9
simulation 9 : catalogue created
simulation 9 : data acquired
simulation 9 : catalogue reduced to the BigMD density
simulation 9 : histogram computed
data set fully created
All imports successful
starting to work on creating the data set
starting to work on simulation 10
simulation 10 : catalogue created
simulation 10 : data acquired
simulation 10 : catalogue reduced to the BigMD density
simulation 10 : histogram computed
starting to work on simulation 11
simulation 11 : catalogue created
simulation 11 : data acquired
simulation 11 : catalogue reduced to the BigMD density
simulation 11 : histogram computed
starting to work on simulation 12
simulation 12 : catalogue created
simulation 12 : data acquired
simulation 12 : catalogue reduced to the BigMD density
simulation 12 : histogram computed
starting to work on simulation 13
simulation 13 : catalogue created
simulation 13 : data acquired
simulation 13 : catalogue reduced to the BigMD density
simulation 13 : histogram computed
starting to work on simulation 14
simulation 14 : catalogue created
simulation 14 : data acquired
simulation 14 : catalogue reduced to the BigMD density
simulation 14 : histogram computed
starting to work on simulation 15
simulation 15 : catalogue created
simulation 15 : data acquired
simulation 15 : catalogue reduced to the BigMD density
simulation 15 : histogram computed
starting to work on simulation 16
simulation 16 : catalogue created
simulation 16 : data acquired
simulation 16 : catalogue reduced to the BigMD density
simulation 16 : histogram computed
starting to work on simulation 17
simulation 17 : catalogue created
simulation 17 : data acquired
simulation 17 : catalogue reduced to the BigMD density
simulation 17 : histogram computed
starting to work on simulation 18
simulation 18 : catalogue created
simulation 18 : data acquired
simulation 18 : catalogue reduced to the BigMD density
simulation 18 : histogram computed
starting to work on simulation 19
simulation 19 : catalogue created
simulation 19 : data acquired
simulation 19 : catalogue reduced to the BigMD density
simulation 19 : histogram computed
data set fully created
All imports successful
starting to work on creating the data set
starting to work on simulation 20
simulation 20 : catalogue created
simulation 20 : data acquired
simulation 20 : catalogue reduced to the BigMD density
simulation 20 : histogram computed
starting to work on simulation 21
simulation 21 : catalogue created
simulation 21 : data acquired
simulation 21 : catalogue reduced to the BigMD density
simulation 21 : histogram computed
starting to work on simulation 22
simulation 22 : catalogue created
simulation 22 : data acquired
simulation 22 : catalogue reduced to the BigMD density
simulation 22 : histogram computed
starting to work on simulation 23
simulation 23 : catalogue created
simulation 23 : data acquired
simulation 23 : catalogue reduced to the BigMD density
simulation 23 : histogram computed
starting to work on simulation 24
simulation 24 : catalogue created
simulation 24 : data acquired
simulation 24 : catalogue reduced to the BigMD density
simulation 24 : histogram computed
starting to work on simulation 25
simulation 25 : catalogue created
simulation 25 : data acquired
simulation 25 : catalogue reduced to the BigMD density
simulation 25 : histogram computed
starting to work on simulation 26
simulation 26 : catalogue created
simulation 26 : data acquired
simulation 26 : catalogue reduced to the BigMD density
simulation 26 : histogram computed
starting to work on simulation 27
simulation 27 : catalogue created
simulation 27 : data acquired
simulation 27 : catalogue reduced to the BigMD density
simulation 27 : histogram computed
starting to work on simulation 28
simulation 28 : catalogue created
simulation 28 : data acquired
simulation 28 : catalogue reduced to the BigMD density
simulation 28 : histogram computed
starting to work on simulation 29
simulation 29 : catalogue created
simulation 29 : data acquired
simulation 29 : catalogue reduced to the BigMD density
simulation 29 : histogram computed
data set fully created
All imports successful
starting to work on creating the data set
starting to work on simulation 30
simulation 30 : catalogue created
simulation 30 : data acquired
simulation 30 : catalogue reduced to the BigMD density
simulation 30 : histogram computed
starting to work on simulation 31
simulation 31 : catalogue created
simulation 31 : data acquired
simulation 31 : catalogue reduced to the BigMD density
simulation 31 : histogram computed
starting to work on simulation 32
simulation 32 : catalogue created
simulation 32 : data acquired
simulation 32 : catalogue reduced to the BigMD density
simulation 32 : histogram computed
starting to work on simulation 33
simulation 33 : catalogue created
simulation 33 : data acquired
simulation 33 : catalogue reduced to the BigMD density
simulation 33 : histogram computed
starting to work on simulation 34
simulation 34 : catalogue created
simulation 34 : data acquired
simulation 34 : catalogue reduced to the BigMD density
simulation 34 : histogram computed
starting to work on simulation 35
simulation 35 : catalogue created
simulation 35 : data acquired
simulation 35 : catalogue reduced to the BigMD density
simulation 35 : histogram computed
starting to work on simulation 36
simulation 36 : catalogue created
simulation 36 : data acquired
simulation 36 : catalogue reduced to the BigMD density
simulation 36 : histogram computed
starting to work on simulation 37
simulation 37 : catalogue created
simulation 37 : data acquired
simulation 37 : catalogue reduced to the BigMD density
simulation 37 : histogram computed
starting to work on simulation 38
simulation 38 : catalogue created
simulation 38 : data acquired
simulation 38 : catalogue reduced to the BigMD density
simulation 38 : histogram computed
starting to work on simulation 39
simulation 39 : catalogue created
simulation 39 : data acquired
simulation 39 : catalogue reduced to the BigMD density
simulation 39 : histogram computed
data set fully created
All imports successful
starting to work on creating the data set
starting to work on simulation 40
simulation 40 : catalogue created
simulation 40 : data acquired
simulation 40 : catalogue reduced to the BigMD density
simulation 40 : histogram computed
starting to work on simulation 41
