Illustris 2D plot data loaded
Illustris 2PCF data computed
Illustris MST data computed
Starting to compute the best ALF fit
Starting ALF parameters =  [1.5, 0.45, 1.3, 0.325, 0.015]
Current ALF parameters =  [1.5, 0.45, 1.3, 0.325, 0.015]
Current ALF parameters =  [1.515, 0.45, 1.3, 0.325, 0.015]
Current ALF parameters =  [1.5, 0.46, 1.3, 0.325, 0.015]
Current ALF parameters =  [1.5, 0.45, 1.313, 0.325, 0.015]
Current ALF parameters =  [1.5, 0.45, 1.3, 0.326, 0.015]
Current ALF parameters =  [1.5, 0.45, 1.3, 0.325, 0.016]
Current ALF parameters =  [1.5727417279190927, 0.42269738983055904, 1.1423314982456527, 0.3301977601148578, 0.011213297725957508]
Current ALF parameters =  [1.538636191252894, 0.4500622992130212, 1.289621831467629, 0.3271763703089662, 0.01130659758369261]
Current ALF parameters =  [1.554022553165423, 0.4500622992130212, 1.289621831467629, 0.3271763703089662, 0.01130659758369261]
Current ALF parameters =  [1.538636191252894, 0.4600622992130212, 1.289621831467629, 0.3271763703089662, 0.01130659758369261]
Current ALF parameters =  [1.538636191252894, 0.4500622992130212, 1.3025180497823055, 0.3271763703089662, 0.01130659758369261]
Current ALF parameters =  [1.538636191252894, 0.4500622992130212, 1.289621831467629, 0.3281763703089662, 0.01130659758369261]
Current ALF parameters =  [1.538636191252894, 0.4500622992130212, 1.289621831467629, 0.3271763703089662, 0.01230659758369261]
Current ALF parameters =  [1.527604389362515, 0.4459449627246046, 1.2893786358667325, 0.32569343414608454, 0.011275773915121367]
Current ALF parameters =  [1.5360786693387, 0.4490879018514869, 1.289607922296302, 0.3265573591325153, 0.011280897796477242]
Current ALF parameters =  [1.5380179876072475, 0.4498270280691245, 1.289617747597087, 0.3270006208253896, 0.011299245208404666]
Current ALF parameters =  [1.5384831504927734, 0.4500040827116872, 1.2896207522704866, 0.3271310690821101, 0.01130470177766043]
Current ALF parameters =  [1.5385980283245582, 0.45004778389051914, 1.289621557767284, 0.3271649592644943, 0.011306120036210291]
Current ALF parameters =  [1.5386266566440816, 0.4500586728263736, 1.289621762794849, 0.32717351218286234, 0.011306477972283242]
Current ALF parameters =  [1.5386338079840869, 0.4500613927694004, 1.2896218142838936, 0.32717565544203453, 0.01130656766681002]
Current ALF parameters =  [1.5386355954596653, 0.4500620726116856, 1.289621827170723, 0.327176191571269, 0.011306590103595126]
Current ALF parameters =  [1.5386360423060854, 0.4500622425632855, 1.2896218303933418, 0.32717632562323157, 0.011306595713613437]
Current ALF parameters =  [1.5386361540162856, 0.4500622850506247, 1.2896218311990535, 0.32717635913745063, 0.011306597116169392]
Current ALF parameters =  [1.5386361819437477, 0.4500622956724244, 1.289621831400485, 0.3271763675160822, 0.011306597466811591]
Best ALF fit computed
Final ALF parameters =  [1.53863619 0.4500623  1.28962183 0.32717637 0.0113066 ]
Covariance matrix :  [[ 8.95173339e-03 -6.61400359e-03  1.84552155e-03 -1.14351779e-04
  -2.95121446e-05]
 [-6.61400359e-03  4.90988434e-03 -1.24359152e-03  9.04715272e-05
   1.31631061e-05]
 [ 1.84552155e-03 -1.24359152e-03  4.34709760e-03  8.01911541e-05
  -1.75816276e-04]
 [-1.14351779e-04  9.04715272e-05  8.01911541e-05  1.76781845e-05
  -1.65578837e-05]
 [-2.95121446e-05  1.31631061e-05 -1.75816276e-04 -1.65578837e-05
   2.07414456e-05]]
ALF 2D plot data loaded
ALF 2PCF data computed
ALF MST data computed
