All imports successful
Connexion successfull
starting to load the data
data loaded
starting to load the data
data fully loaded
starting to define the Gps
models defined
Starting to optimise the hyperparameters
Hyperparameters optimised
GP model for d :
  [1mindex[0;0m  |  GP_regression.rbf.variance  |  constraints  |  priors
  [1m[0]  [0;0m  |                  5.66610769  |      +ve      |        
  [1mindex[0;0m  |  GP_regression.rbf.lengthscale  |  constraints  |  priors
  [1m[0]  [0;0m  |                     9.89593602  |      +ve      |        
  [1m[1]  [0;0m  |                    10.32113947  |      +ve      |        
  [1m[2]  [0;0m  |                    11.17045732  |      +ve      |        
  [1m[3]  [0;0m  |                     9.84911139  |      +ve      |        
  [1m[4]  [0;0m  |                    10.64514422  |      +ve      |        
  [1m[5]  [0;0m  |                     0.00001590  |      +ve      |        
  [1mindex[0;0m  |  GP_regression.Gaussian_noise.variance  |  constraints  |  priors
  [1m[0]  [0;0m  |                             0.00000000  |      +ve      |        
Obj : -574.3207165930447


GP model for l :
  [1mindex[0;0m  |  GP_regression.rbf.variance  |  constraints  |  priors
  [1m[0]  [0;0m  |                  9.12485732  |      +ve      |        
  [1mindex[0;0m  |  GP_regression.rbf.lengthscale  |  constraints  |  priors
  [1m[0]  [0;0m  |                     0.92514251  |      +ve      |        
  [1m[1]  [0;0m  |                     1.21596018  |      +ve      |        
  [1m[2]  [0;0m  |                     4.48980434  |      +ve      |        
  [1m[3]  [0;0m  |                     0.86192562  |      +ve      |        
  [1m[4]  [0;0m  |                     0.62834933  |      +ve      |        
  [1m[5]  [0;0m  |                     0.79960235  |      +ve      |        
  [1mindex[0;0m  |  GP_regression.Gaussian_noise.variance  |  constraints  |  priors
  [1m[0]  [0;0m  |                             0.00004390  |      +ve      |        
Obj : -416.2318750240714


GP model for b :
  [1mindex[0;0m  |  GP_regression.rbf.variance  |  constraints  |  priors
  [1m[0]  [0;0m  |                  5.72420234  |      +ve      |        
  [1mindex[0;0m  |  GP_regression.rbf.lengthscale  |  constraints  |  priors
  [1m[0]  [0;0m  |                    38.68401911  |      +ve      |        
  [1m[1]  [0;0m  |                 73648.45718932  |      +ve      |        
  [1m[2]  [0;0m  |                    87.16749350  |      +ve      |        
  [1m[3]  [0;0m  |                    36.50735814  |      +ve      |        
  [1m[4]  [0;0m  |                 23075.79987705  |      +ve      |        
  [1m[5]  [0;0m  |                     0.51073851  |      +ve      |        
  [1mindex[0;0m  |  GP_regression.Gaussian_noise.variance  |  constraints  |  priors
  [1m[0]  [0;0m  |                             0.00013254  |      +ve      |        
Obj : -563.9011434286285


GP model for s :
  [1mindex[0;0m  |  GP_regression.rbf.variance  |  constraints  |  priors
  [1m[0]  [0;0m  |                  3.15456552  |      +ve      |        
  [1mindex[0;0m  |  GP_regression.rbf.lengthscale  |  constraints  |  priors
  [1m[0]  [0;0m  |                    25.83218901  |      +ve      |        
  [1m[1]  [0;0m  |                   111.47552481  |      +ve      |        
  [1m[2]  [0;0m  |                    51.44703261  |      +ve      |        
  [1m[3]  [0;0m  |                     9.59121816  |      +ve      |        
  [1m[4]  [0;0m  |                    53.52109066  |      +ve      |        
  [1m[5]  [0;0m  |                     0.35378321  |      +ve      |        
  [1mindex[0;0m  |  GP_regression.Gaussian_noise.variance  |  constraints  |  priors
  [1m[0]  [0;0m  |                             0.00002737  |      +ve      |        
Obj : -710.6160968298842


starting to define the prior
prior defined
Starting to define the log-likelihood
Likelihood defined
Starting to define the problem
Problem defined
Starting the MCMC method
  analysing data from /home/astro/magnan/Repository_Stage_3A/MCMC/Abacus_chi2_.txt
MCMC analysis done
 *****************************************************
 MultiNest v3.10
 Copyright Farhan Feroz & Mike Hobson
 Release Jul 2015

 no. of live points =  500
 dimensionality =    5
 *****************************************************
 ln(ev)=  -1.9326509854855245      +/-   2.3868129104816137E-002
 Total Likelihood Evaluations:       648511
 Sampling finished. Exiting MultiNest
