OK, it worked
All imports successful
Connexion successfull
starting to load the data
data loaded
starting to define the kernels
kernels defined
data and test groups defined
starting to evaluate the performances
starting to work on kernel 0
kernel 0 group 0
kernel 0 group 1
kernel 0 group 2
kernel 0 group 3
kernel 0 group 4
kernel 0 group 5
kernel 0 group 6
kernel 0 group 7
kernel 0 group 8
kernel 0 group 9
work done on kernel 0
starting to work on kernel 1
kernel 1 group 0
kernel 1 group 1
kernel 1 group 2
kernel 1 group 3
kernel 1 group 4
kernel 1 group 5
kernel 1 group 6
kernel 1 group 7
kernel 1 group 8
kernel 1 group 9
work done on kernel 1
starting to work on kernel 2
kernel 2 group 0
kernel 2 group 1
kernel 2 group 2
kernel 2 group 3
kernel 2 group 4
kernel 2 group 5
kernel 2 group 6
kernel 2 group 7
kernel 2 group 8
kernel 2 group 9
work done on kernel 2
starting to work on kernel 3
kernel 3 group 0
kernel 3 group 1
kernel 3 group 2
kernel 3 group 3
kernel 3 group 4
kernel 3 group 5
kernel 3 group 6
kernel 3 group 7
kernel 3 group 8
kernel 3 group 9
work done on kernel 3
starting to work on kernel 4
kernel 4 group 0
  [1mindex[0;0m  |  GP_regression.rbf.variance  |  constraints  |  priors
  [1m[0]  [0;0m  |                 26.95162719  |      +ve      |        
  [1mindex[0;0m  |  GP_regression.rbf.lengthscale  |  constraints  |  priors
  [1m[0]  [0;0m  |                 12321.28084710  |      +ve      |        
  [1m[1]  [0;0m  |                  8314.26090705  |      +ve      |        
  [1m[2]  [0;0m  |                 14245.65381154  |      +ve      |        
  [1m[3]  [0;0m  |                    20.01019576  |      +ve      |        
  [1m[4]  [0;0m  |                 13611.98386173  |      +ve      |        
  [1m[5]  [0;0m  |                     0.50392251  |      +ve      |        
  [1mindex[0;0m  |  GP_regression.Gaussian_noise.variance  |  constraints  |  priors
  [1m[0]  [0;0m  |                             0.01000000  |   +ve fixed   |        
kernel 4 group 1
  [1mindex[0;0m  |  GP_regression.rbf.variance  |  constraints  |  priors
  [1m[0]  [0;0m  |                 22.84037988  |      +ve      |        
  [1mindex[0;0m  |  GP_regression.rbf.lengthscale  |  constraints  |  priors
  [1m[0]  [0;0m  |                 12321.28085214  |      +ve      |        
  [1m[1]  [0;0m  |                  8314.26091090  |      +ve      |        
  [1m[2]  [0;0m  |                 14245.65381736  |      +ve      |        
  [1m[3]  [0;0m  |                    10.55808521  |      +ve      |        
  [1m[4]  [0;0m  |                 13611.98386843  |      +ve      |        
  [1m[5]  [0;0m  |                     0.48692269  |      +ve      |        
  [1mindex[0;0m  |  GP_regression.Gaussian_noise.variance  |  constraints  |  priors
  [1m[0]  [0;0m  |                             0.01000000  |   +ve fixed   |        
kernel 4 group 2
  [1mindex[0;0m  |  GP_regression.rbf.variance  |  constraints  |  priors
  [1m[0]  [0;0m  |                 25.37102820  |      +ve      |        
  [1mindex[0;0m  |  GP_regression.rbf.lengthscale  |  constraints  |  priors
  [1m[0]  [0;0m  |                 12321.28085355  |      +ve      |        
  [1m[1]  [0;0m  |                  8314.26091038  |      +ve      |        
  [1m[2]  [0;0m  |                 14245.65381860  |      +ve      |        
  [1m[3]  [0;0m  |                    15.97480175  |      +ve      |        
  [1m[4]  [0;0m  |                 13611.98387065  |      +ve      |        
  [1m[5]  [0;0m  |                     0.50019515  |      +ve      |        
  [1mindex[0;0m  |  GP_regression.Gaussian_noise.variance  |  constraints  |  priors
  [1m[0]  [0;0m  |                             0.01000000  |   +ve fixed   |        
kernel 4 group 3
  [1mindex[0;0m  |  GP_regression.rbf.variance  |  constraints  |  priors
  [1m[0]  [0;0m  |                 25.46846931  |      +ve      |        
  [1mindex[0;0m  |  GP_regression.rbf.lengthscale  |  constraints  |  priors
  [1m[0]  [0;0m  |                 12321.28085386  |      +ve      |        
  [1m[1]  [0;0m  |                  8314.26091050  |      +ve      |        
  [1m[2]  [0;0m  |                 14245.65381897  |      +ve      |        
  [1m[3]  [0;0m  |                    15.69002688  |      +ve      |        
  [1m[4]  [0;0m  |                 13611.98387100  |      +ve      |        
  [1m[5]  [0;0m  |                     0.50089775  |      +ve      |        
  [1mindex[0;0m  |  GP_regression.Gaussian_noise.variance  |  constraints  |  priors
  [1m[0]  [0;0m  |                             0.01000000  |   +ve fixed   |        
kernel 4 group 4
  [1mindex[0;0m  |  GP_regression.rbf.variance  |  constraints  |  priors
  [1m[0]  [0;0m  |                 26.60546042  |      +ve      |        
  [1mindex[0;0m  |  GP_regression.rbf.lengthscale  |  constraints  |  priors
  [1m[0]  [0;0m  |                 12321.28085868  |      +ve      |        
  [1m[1]  [0;0m  |                  8314.26091508  |      +ve      |        
  [1m[2]  [0;0m  |                 14245.65382387  |      +ve      |        
  [1m[3]  [0;0m  |                    19.51717768  |      +ve      |        
  [1m[4]  [0;0m  |                 13611.98387679  |      +ve      |        
  [1m[5]  [0;0m  |                     0.50469180  |      +ve      |        
  [1mindex[0;0m  |  GP_regression.Gaussian_noise.variance  |  constraints  |  priors
  [1m[0]  [0;0m  |                             0.01000000  |   +ve fixed   |        
kernel 4 group 5
  [1mindex[0;0m  |  GP_regression.rbf.variance  |  constraints  |  priors
  [1m[0]  [0;0m  |                 26.60555013  |      +ve      |        
  [1mindex[0;0m  |  GP_regression.rbf.lengthscale  |  constraints  |  priors
  [1m[0]  [0;0m  |                 12321.28085868  |      +ve      |        
  [1m[1]  [0;0m  |                  8314.26091508  |      +ve      |        
  [1m[2]  [0;0m  |                 14245.65382387  |      +ve      |        
  [1m[3]  [0;0m  |                    19.51740311  |      +ve      |        
  [1m[4]  [0;0m  |                 13611.98387679  |      +ve      |        
  [1m[5]  [0;0m  |                     0.50010769  |      +ve      |        
  [1mindex[0;0m  |  GP_regression.Gaussian_noise.variance  |  constraints  |  priors
  [1m[0]  [0;0m  |                             0.01000000  |   +ve fixed   |        
kernel 4 group 6
  [1mindex[0;0m  |  GP_regression.rbf.variance  |  constraints  |  priors
  [1m[0]  [0;0m  |                 27.81235857  |      +ve      |        
  [1mindex[0;0m  |  GP_regression.rbf.lengthscale  |  constraints  |  priors
  [1m[0]  [0;0m  |                 12321.28086475  |      +ve      |        
  [1m[1]  [0;0m  |                  8314.26092164  |      +ve      |        
  [1m[2]  [0;0m  |                 14245.65382992  |      +ve      |        
  [1m[3]  [0;0m  |                    22.67545062  |      +ve      |        
  [1m[4]  [0;0m  |                 13611.98388366  |      +ve      |        
  [1m[5]  [0;0m  |                     0.50828034  |      +ve      |        
  [1mindex[0;0m  |  GP_regression.Gaussian_noise.variance  |  constraints  |  priors
  [1m[0]  [0;0m  |                             0.01000000  |   +ve fixed   |        
kernel 4 group 7
  [1mindex[0;0m  |  GP_regression.rbf.variance  |  constraints  |  priors
  [1m[0]  [0;0m  |                 28.51806991  |      +ve      |        
  [1mindex[0;0m  |  GP_regression.rbf.lengthscale  |  constraints  |  priors
  [1m[0]  [0;0m  |                 12321.28086545  |      +ve      |        
  [1m[1]  [0;0m  |                  8314.26092194  |      +ve      |        
  [1m[2]  [0;0m  |                 14245.65383075  |      +ve      |        
  [1m[3]  [0;0m  |                    20.24575845  |      +ve      |        
  [1m[4]  [0;0m  |                 13611.98388457  |      +ve      |        
  [1m[5]  [0;0m  |                     0.50762390  |      +ve      |        
  [1mindex[0;0m  |  GP_regression.Gaussian_noise.variance  |  constraints  |  priors
  [1m[0]  [0;0m  |                             0.01000000  |   +ve fixed   |        
kernel 4 group 8
  [1mindex[0;0m  |  GP_regression.rbf.variance  |  constraints  |  priors
  [1m[0]  [0;0m  |                 26.51014503  |      +ve      |        
  [1mindex[0;0m  |  GP_regression.rbf.lengthscale  |  constraints  |  priors
  [1m[0]  [0;0m  |                 12321.28087159  |      +ve      |        
  [1m[1]  [0;0m  |                  8314.26092858  |      +ve      |        
  [1m[2]  [0;0m  |                 14245.65383764  |      +ve      |        
  [1m[3]  [0;0m  |                    17.51648988  |      +ve      |        
  [1m[4]  [0;0m  |                 13611.98389090  |      +ve      |        
  [1m[5]  [0;0m  |                     0.49953993  |      +ve      |        
  [1mindex[0;0m  |  GP_regression.Gaussian_noise.variance  |  constraints  |  priors
  [1m[0]  [0;0m  |                             0.01000000  |   +ve fixed   |        
kernel 4 group 9
  [1mindex[0;0m  |  GP_regression.rbf.variance  |  constraints  |  priors
  [1m[0]  [0;0m  |                 26.55858889  |      +ve      |        
  [1mindex[0;0m  |  GP_regression.rbf.lengthscale  |  constraints  |  priors
  [1m[0]  [0;0m  |                 12321.28087222  |      +ve      |        
  [1m[1]  [0;0m  |                  8314.26092912  |      +ve      |        
  [1m[2]  [0;0m  |                 14245.65383839  |      +ve      |        
  [1m[3]  [0;0m  |                    16.99663287  |      +ve      |        
  [1m[4]  [0;0m  |                 13611.98389161  |      +ve      |        
  [1m[5]  [0;0m  |                     0.49893865  |      +ve      |        
  [1mindex[0;0m  |  GP_regression.Gaussian_noise.variance  |  constraints  |  priors
  [1m[0]  [0;0m  |                             0.01000000  |   +ve fixed   |        
work done on kernel 4
starting to work on kernel 5
kernel 5 group 0
  [1mindex[0;0m  |  GP_regression.rbf.variance  |  constraints  |  priors
  [1m[0]  [0;0m  |                  4.17748982  |      +ve      |        
  [1mindex[0;0m  |  GP_regression.rbf.lengthscale  |  constraints  |  priors
  [1m[0]  [0;0m  |                     2.99999997  |    0.0,3.0    |        
  [1m[1]  [0;0m  |                     2.99999997  |    0.0,3.0    |        
  [1m[2]  [0;0m  |                     2.99999999  |    0.0,3.0    |        
  [1m[3]  [0;0m  |                     2.99999996  |    0.0,3.0    |        
  [1m[4]  [0;0m  |                     2.99999998  |    0.0,3.0    |        
  [1m[5]  [0;0m  |                     0.40838980  |    0.0,3.0    |        
  [1mindex[0;0m  |  GP_regression.Gaussian_noise.variance  |  constraints  |  priors
  [1m[0]  [0;0m  |                             0.01000000  |   +ve fixed   |        
kernel 5 group 1
  [1mindex[0;0m  |  GP_regression.rbf.variance  |  constraints  |  priors
  [1m[0]  [0;0m  |                  3.96983189  |      +ve      |        
  [1mindex[0;0m  |  GP_regression.rbf.lengthscale  |  constraints  |  priors
  [1m[0]  [0;0m  |                     2.99999997  |    0.0,3.0    |        
  [1m[1]  [0;0m  |                     2.99999997  |    0.0,3.0    |        
  [1m[2]  [0;0m  |                     2.99999999  |    0.0,3.0    |        
  [1m[3]  [0;0m  |                     2.99999996  |    0.0,3.0    |        
  [1m[4]  [0;0m  |                     2.99999998  |    0.0,3.0    |        
  [1m[5]  [0;0m  |                     0.40582943  |    0.0,3.0    |        
  [1mindex[0;0m  |  GP_regression.Gaussian_noise.variance  |  constraints  |  priors
  [1m[0]  [0;0m  |                             0.01000000  |   +ve fixed   |        
kernel 5 group 2
  [1mindex[0;0m  |  GP_regression.rbf.variance  |  constraints  |  priors
  [1m[0]  [0;0m  |                  4.00850470  |      +ve      |        
  [1mindex[0;0m  |  GP_regression.rbf.lengthscale  |  constraints  |  priors
  [1m[0]  [0;0m  |                     2.99999997  |    0.0,3.0    |        
  [1m[1]  [0;0m  |                     2.99999997  |    0.0,3.0    |        
  [1m[2]  [0;0m  |                     2.99999999  |    0.0,3.0    |        
  [1m[3]  [0;0m  |                     2.99999996  |    0.0,3.0    |        
  [1m[4]  [0;0m  |                     2.99999998  |    0.0,3.0    |        
  [1m[5]  [0;0m  |                     0.40562974  |    0.0,3.0    |        
  [1mindex[0;0m  |  GP_regression.Gaussian_noise.variance  |  constraints  |  priors
  [1m[0]  [0;0m  |                             0.01000000  |   +ve fixed   |        
kernel 5 group 3
  [1mindex[0;0m  |  GP_regression.rbf.variance  |  constraints  |  priors
  [1m[0]  [0;0m  |                  4.31841300  |      +ve      |        
  [1mindex[0;0m  |  GP_regression.rbf.lengthscale  |  constraints  |  priors
  [1m[0]  [0;0m  |                     2.99999997  |    0.0,3.0    |        
  [1m[1]  [0;0m  |                     2.99999997  |    0.0,3.0    |        
  [1m[2]  [0;0m  |                     2.99999999  |    0.0,3.0    |        
  [1m[3]  [0;0m  |                     2.99999996  |    0.0,3.0    |        
  [1m[4]  [0;0m  |                     2.99999998  |    0.0,3.0    |        
  [1m[5]  [0;0m  |                     0.41174842  |    0.0,3.0    |        
  [1mindex[0;0m  |  GP_regression.Gaussian_noise.variance  |  constraints  |  priors
  [1m[0]  [0;0m  |                             0.01000000  |   +ve fixed   |        
kernel 5 group 4
  [1mindex[0;0m  |  GP_regression.rbf.variance  |  constraints  |  priors
  [1m[0]  [0;0m  |                  4.20085020  |      +ve      |        
  [1mindex[0;0m  |  GP_regression.rbf.lengthscale  |  constraints  |  priors
  [1m[0]  [0;0m  |                     2.99999997  |    0.0,3.0    |        
  [1m[1]  [0;0m  |                     2.99999997  |    0.0,3.0    |        
  [1m[2]  [0;0m  |                     2.99999999  |    0.0,3.0    |        
  [1m[3]  [0;0m  |                     2.99999996  |    0.0,3.0    |        
  [1m[4]  [0;0m  |                     2.99999998  |    0.0,3.0    |        
  [1m[5]  [0;0m  |                     0.41001218  |    0.0,3.0    |        
  [1mindex[0;0m  |  GP_regression.Gaussian_noise.variance  |  constraints  |  priors
  [1m[0]  [0;0m  |                             0.01000000  |   +ve fixed   |        
kernel 5 group 5
  [1mindex[0;0m  |  GP_regression.rbf.variance  |  constraints  |  priors
  [1m[0]  [0;0m  |                  4.10086541  |      +ve      |        
  [1mindex[0;0m  |  GP_regression.rbf.lengthscale  |  constraints  |  priors
  [1m[0]  [0;0m  |                     2.99999997  |    0.0,3.0    |        
  [1m[1]  [0;0m  |                     2.99999997  |    0.0,3.0    |        
  [1m[2]  [0;0m  |                     2.99999999  |    0.0,3.0    |        
  [1m[3]  [0;0m  |                     2.99999996  |    0.0,3.0    |        
  [1m[4]  [0;0m  |                     2.99999998  |    0.0,3.0    |        
  [1m[5]  [0;0m  |                     0.40373952  |    0.0,3.0    |        
  [1mindex[0;0m  |  GP_regression.Gaussian_noise.variance  |  constraints  |  priors
  [1m[0]  [0;0m  |                             0.01000000  |   +ve fixed   |        
kernel 5 group 6
  [1mindex[0;0m  |  GP_regression.rbf.variance  |  constraints  |  priors
  [1m[0]  [0;0m  |                  3.92853350  |      +ve      |        
  [1mindex[0;0m  |  GP_regression.rbf.lengthscale  |  constraints  |  priors
  [1m[0]  [0;0m  |                     2.99999997  |    0.0,3.0    |        
  [1m[1]  [0;0m  |                     2.99999997  |    0.0,3.0    |        
  [1m[2]  [0;0m  |                     2.99999999  |    0.0,3.0    |        
  [1m[3]  [0;0m  |                     2.99999996  |    0.0,3.0    |        
  [1m[4]  [0;0m  |                     2.99999998  |    0.0,3.0    |        
  [1m[5]  [0;0m  |                     0.41058781  |    0.0,3.0    |        
  [1mindex[0;0m  |  GP_regression.Gaussian_noise.variance  |  constraints  |  priors
  [1m[0]  [0;0m  |                             0.01000000  |   +ve fixed   |        
kernel 5 group 7
  [1mindex[0;0m  |  GP_regression.rbf.variance  |  constraints  |  priors
  [1m[0]  [0;0m  |                  4.13436117  |      +ve      |        
  [1mindex[0;0m  |  GP_regression.rbf.lengthscale  |  constraints  |  priors
  [1m[0]  [0;0m  |                     2.99999997  |    0.0,3.0    |        
  [1m[1]  [0;0m  |                     2.99999997  |    0.0,3.0    |        
  [1m[2]  [0;0m  |                     2.99999999  |    0.0,3.0    |        
  [1m[3]  [0;0m  |                     2.99999996  |    0.0,3.0    |        
  [1m[4]  [0;0m  |                     2.99999998  |    0.0,3.0    |        
  [1m[5]  [0;0m  |                     0.40766847  |    0.0,3.0    |        
  [1mindex[0;0m  |  GP_regression.Gaussian_noise.variance  |  constraints  |  priors
  [1m[0]  [0;0m  |                             0.01000000  |   +ve fixed   |        
kernel 5 group 8
  [1mindex[0;0m  |  GP_regression.rbf.variance  |  constraints  |  priors
  [1m[0]  [0;0m  |                  4.24729086  |      +ve      |        
  [1mindex[0;0m  |  GP_regression.rbf.lengthscale  |  constraints  |  priors
  [1m[0]  [0;0m  |                     2.99999997  |    0.0,3.0    |        
  [1m[1]  [0;0m  |                     2.99999997  |    0.0,3.0    |        
  [1m[2]  [0;0m  |                     2.99999999  |    0.0,3.0    |        
  [1m[3]  [0;0m  |                     2.99999996  |    0.0,3.0    |        
  [1m[4]  [0;0m  |                     2.99999998  |    0.0,3.0    |        
  [1m[5]  [0;0m  |                     0.40940119  |    0.0,3.0    |        
  [1mindex[0;0m  |  GP_regression.Gaussian_noise.variance  |  constraints  |  priors
  [1m[0]  [0;0m  |                             0.01000000  |   +ve fixed   |        
kernel 5 group 9
  [1mindex[0;0m  |  GP_regression.rbf.variance  |  constraints  |  priors
  [1m[0]  [0;0m  |                  4.33713024  |      +ve      |        
  [1mindex[0;0m  |  GP_regression.rbf.lengthscale  |  constraints  |  priors
  [1m[0]  [0;0m  |                     2.99999997  |    0.0,3.0    |        
  [1m[1]  [0;0m  |                     2.99999997  |    0.0,3.0    |        
  [1m[2]  [0;0m  |                     2.99999999  |    0.0,3.0    |        
  [1m[3]  [0;0m  |                     2.99999996  |    0.0,3.0    |        
  [1m[4]  [0;0m  |                     2.99999998  |    0.0,3.0    |        
  [1m[5]  [0;0m  |                     0.40759930  |    0.0,3.0    |        
  [1mindex[0;0m  |  GP_regression.Gaussian_noise.variance  |  constraints  |  priors
  [1m[0]  [0;0m  |                             0.01000000  |   +ve fixed   |        
work done on kernel 5
starting to work on kernel 6
kernel 6 group 0
  [1mindex[0;0m  |  GP_regression.rbf.variance  |  constraints  |  priors
  [1m[0]  [0;0m  |                  4.56949203  |      +ve      |        
  [1mindex[0;0m  |  GP_regression.rbf.lengthscale  |  constraints  |   priors 
  [1m[0]  [0;0m  |                     3.53113160  |      +ve      |  Ga(1, 1)
  [1m[1]  [0;0m  |                     3.57192389  |      +ve      |  Ga(1, 1)
  [1m[2]  [0;0m  |                     4.72398545  |      +ve      |  Ga(1, 1)
  [1m[3]  [0;0m  |                     3.19791093  |      +ve      |  Ga(1, 1)
  [1m[4]  [0;0m  |                     4.09611358  |      +ve      |  Ga(1, 1)
  [1m[5]  [0;0m  |                     0.40942691  |      +ve      |  Ga(1, 1)
  [1mindex[0;0m  |  GP_regression.Gaussian_noise.variance  |  constraints  |  priors
  [1m[0]  [0;0m  |                             0.01000000  |   +ve fixed   |        
kernel 6 group 1
  [1mindex[0;0m  |  GP_regression.rbf.variance  |  constraints  |  priors
  [1m[0]  [0;0m  |                  4.32582466  |      +ve      |        
  [1mindex[0;0m  |  GP_regression.rbf.lengthscale  |  constraints  |   priors 
  [1m[0]  [0;0m  |                     3.74623500  |      +ve      |  Ga(1, 1)
  [1m[1]  [0;0m  |                     3.65502183  |      +ve      |  Ga(1, 1)
  [1m[2]  [0;0m  |                     4.52960940  |      +ve      |  Ga(1, 1)
  [1m[3]  [0;0m  |                     3.34717457  |      +ve      |  Ga(1, 1)
  [1m[4]  [0;0m  |                     4.09756021  |      +ve      |  Ga(1, 1)
  [1m[5]  [0;0m  |                     0.40539054  |      +ve      |  Ga(1, 1)
  [1mindex[0;0m  |  GP_regression.Gaussian_noise.variance  |  constraints  |  priors
  [1m[0]  [0;0m  |                             0.01000000  |   +ve fixed   |        
kernel 6 group 2
  [1mindex[0;0m  |  GP_regression.rbf.variance  |  constraints  |  priors
  [1m[0]  [0;0m  |                  4.35930262  |      +ve      |        
  [1mindex[0;0m  |  GP_regression.rbf.lengthscale  |  constraints  |   priors 
  [1m[0]  [0;0m  |                     3.60881860  |      +ve      |  Ga(1, 1)
  [1m[1]  [0;0m  |                     3.73625542  |      +ve      |  Ga(1, 1)
  [1m[2]  [0;0m  |                     4.16954123  |      +ve      |  Ga(1, 1)
  [1m[3]  [0;0m  |                     3.56340651  |      +ve      |  Ga(1, 1)
  [1m[4]  [0;0m  |                     4.10349254  |      +ve      |  Ga(1, 1)
  [1m[5]  [0;0m  |                     0.40553003  |      +ve      |  Ga(1, 1)
  [1mindex[0;0m  |  GP_regression.Gaussian_noise.variance  |  constraints  |  priors
  [1m[0]  [0;0m  |                             0.01000000  |   +ve fixed   |        
kernel 6 group 3
  [1mindex[0;0m  |  GP_regression.rbf.variance  |  constraints  |  priors
  [1m[0]  [0;0m  |                  4.61261557  |      +ve      |        
  [1mindex[0;0m  |  GP_regression.rbf.lengthscale  |  constraints  |   priors 
  [1m[0]  [0;0m  |                     3.29951874  |      +ve      |  Ga(1, 1)
  [1m[1]  [0;0m  |                     3.36760128  |      +ve      |  Ga(1, 1)
  [1m[2]  [0;0m  |                     4.46942018  |      +ve      |  Ga(1, 1)
  [1m[3]  [0;0m  |                     3.36458398  |      +ve      |  Ga(1, 1)
  [1m[4]  [0;0m  |                     3.94777138  |      +ve      |  Ga(1, 1)
  [1m[5]  [0;0m  |                     0.41131144  |      +ve      |  Ga(1, 1)
  [1mindex[0;0m  |  GP_regression.Gaussian_noise.variance  |  constraints  |  priors
  [1m[0]  [0;0m  |                             0.01000000  |   +ve fixed   |        
kernel 6 group 4
  [1mindex[0;0m  |  GP_regression.rbf.variance  |  constraints  |  priors
  [1m[0]  [0;0m  |                  4.58260394  |      +ve      |        
  [1mindex[0;0m  |  GP_regression.rbf.lengthscale  |  constraints  |   priors 
  [1m[0]  [0;0m  |                     3.38926637  |      +ve      |  Ga(1, 1)
  [1m[1]  [0;0m  |                     3.63392206  |      +ve      |  Ga(1, 1)
  [1m[2]  [0;0m  |                     4.51274688  |      +ve      |  Ga(1, 1)
  [1m[3]  [0;0m  |                     3.29648027  |      +ve      |  Ga(1, 1)
  [1m[4]  [0;0m  |                     4.04658789  |      +ve      |  Ga(1, 1)
  [1m[5]  [0;0m  |                     0.41096388  |      +ve      |  Ga(1, 1)
  [1mindex[0;0m  |  GP_regression.Gaussian_noise.variance  |  constraints  |  priors
  [1m[0]  [0;0m  |                             0.01000000  |   +ve fixed   |        
kernel 6 group 5
  [1mindex[0;0m  |  GP_regression.rbf.variance  |  constraints  |  priors
  [1m[0]  [0;0m  |                  4.45760517  |      +ve      |        
  [1mindex[0;0m  |  GP_regression.rbf.lengthscale  |  constraints  |   priors 
  [1m[0]  [0;0m  |                     3.43383329  |      +ve      |  Ga(1, 1)
  [1m[1]  [0;0m  |                     3.82697339  |      +ve      |  Ga(1, 1)
  [1m[2]  [0;0m  |                     4.49448959  |      +ve      |  Ga(1, 1)
  [1m[3]  [0;0m  |                     3.64659277  |      +ve      |  Ga(1, 1)
  [1m[4]  [0;0m  |                     3.87605714  |      +ve      |  Ga(1, 1)
  [1m[5]  [0;0m  |                     0.40398876  |      +ve      |  Ga(1, 1)
  [1mindex[0;0m  |  GP_regression.Gaussian_noise.variance  |  constraints  |  priors
  [1m[0]  [0;0m  |                             0.01000000  |   +ve fixed   |        
kernel 6 group 6
  [1mindex[0;0m  |  GP_regression.rbf.variance  |  constraints  |  priors
  [1m[0]  [0;0m  |                  4.12854476  |      +ve      |        
  [1mindex[0;0m  |  GP_regression.rbf.lengthscale  |  constraints  |   priors 
  [1m[0]  [0;0m  |                     3.87775767  |      +ve      |  Ga(1, 1)
  [1m[1]  [0;0m  |                     4.06184916  |      +ve      |  Ga(1, 1)
  [1m[2]  [0;0m  |                     4.49404783  |      +ve      |  Ga(1, 1)
  [1m[3]  [0;0m  |                     3.65058667  |      +ve      |  Ga(1, 1)
  [1m[4]  [0;0m  |                     3.84905636  |      +ve      |  Ga(1, 1)
  [1m[5]  [0;0m  |                     0.40742311  |      +ve      |  Ga(1, 1)
  [1mindex[0;0m  |  GP_regression.Gaussian_noise.variance  |  constraints  |  priors
  [1m[0]  [0;0m  |                             0.01000000  |   +ve fixed   |        
kernel 6 group 7
  [1mindex[0;0m  |  GP_regression.rbf.variance  |  constraints  |  priors
  [1m[0]  [0;0m  |                  4.42574005  |      +ve      |        
  [1mindex[0;0m  |  GP_regression.rbf.lengthscale  |  constraints  |   priors 
  [1m[0]  [0;0m  |                     3.56453959  |      +ve      |  Ga(1, 1)
  [1m[1]  [0;0m  |                     3.61597010  |      +ve      |  Ga(1, 1)
  [1m[2]  [0;0m  |                     4.53622299  |      +ve      |  Ga(1, 1)
  [1m[3]  [0;0m  |                     3.54134097  |      +ve      |  Ga(1, 1)
  [1m[4]  [0;0m  |                     4.06720404  |      +ve      |  Ga(1, 1)
  [1m[5]  [0;0m  |                     0.40680622  |      +ve      |  Ga(1, 1)
  [1mindex[0;0m  |  GP_regression.Gaussian_noise.variance  |  constraints  |  priors
  [1m[0]  [0;0m  |                             0.01000000  |   +ve fixed   |        
kernel 6 group 8
  [1mindex[0;0m  |  GP_regression.rbf.variance  |  constraints  |  priors
  [1m[0]  [0;0m  |                  4.56697498  |      +ve      |        
  [1mindex[0;0m  |  GP_regression.rbf.lengthscale  |  constraints  |   priors 
  [1m[0]  [0;0m  |                     3.63139746  |      +ve      |  Ga(1, 1)
  [1m[1]  [0;0m  |                     3.83595068  |      +ve      |  Ga(1, 1)
  [1m[2]  [0;0m  |                     4.52066996  |      +ve      |  Ga(1, 1)
  [1m[3]  [0;0m  |                     3.16108835  |      +ve      |  Ga(1, 1)
  [1m[4]  [0;0m  |                     3.91260841  |      +ve      |  Ga(1, 1)
  [1m[5]  [0;0m  |                     0.40932360  |      +ve      |  Ga(1, 1)
  [1mindex[0;0m  |  GP_regression.Gaussian_noise.variance  |  constraints  |  priors
  [1m[0]  [0;0m  |                             0.01000000  |   +ve fixed   |        
kernel 6 group 9
  [1mindex[0;0m  |  GP_regression.rbf.variance  |  constraints  |  priors
  [1m[0]  [0;0m  |                  4.70148479  |      +ve      |        
  [1mindex[0;0m  |  GP_regression.rbf.lengthscale  |  constraints  |   priors 
  [1m[0]  [0;0m  |                     3.17498968  |      +ve      |  Ga(1, 1)
  [1m[1]  [0;0m  |                     3.49547870  |      +ve      |  Ga(1, 1)
  [1m[2]  [0;0m  |                     4.61226829  |      +ve      |  Ga(1, 1)
  [1m[3]  [0;0m  |                     3.38647601  |      +ve      |  Ga(1, 1)
  [1m[4]  [0;0m  |                     3.90168439  |      +ve      |  Ga(1, 1)
  [1m[5]  [0;0m  |                     0.40763671  |      +ve      |  Ga(1, 1)
  [1mindex[0;0m  |  GP_regression.Gaussian_noise.variance  |  constraints  |  priors
  [1m[0]  [0;0m  |                             0.01000000  |   +ve fixed   |        
work done on kernel 6
starting to work on kernel 7
kernel 7 group 0
  [1mindex[0;0m  |  GP_regression.rbf.variance  |  constraints  |  priors
  [1m[0]  [0;0m  |                  1.21513611  |      +ve      |        
  [1mindex[0;0m  |  GP_regression.rbf.lengthscale  |  constraints  |  priors
  [1m[0]  [0;0m  |                     1.04749457  |      +ve      |        
  [1m[1]  [0;0m  |                     1.04626809  |      +ve      |        
  [1m[2]  [0;0m  |                     1.08106293  |      +ve      |        
  [1m[3]  [0;0m  |                     1.04395092  |      +ve      |        
  [1m[4]  [0;0m  |                     1.05386268  |      +ve      |        
  [1m[5]  [0;0m  |                     0.55710727  |      +ve      |        
  [1mindex[0;0m  |  GP_regression.Gaussian_noise.variance  |  constraints  |  priors
  [1m[0]  [0;0m  |                             0.01000000  |   +ve fixed   |        
kernel 7 group 1
  [1mindex[0;0m  |  GP_regression.rbf.variance  |  constraints  |  priors
  [1m[0]  [0;0m  |                 19.23405716  |      +ve      |        
  [1mindex[0;0m  |  GP_regression.rbf.lengthscale  |  constraints  |  priors
  [1m[0]  [0;0m  |                     3.26992463  |      +ve      |        
  [1m[1]  [0;0m  |                     3.36194110  |      +ve      |        
  [1m[2]  [0;0m  |                     4.67565106  |      +ve      |        
  [1m[3]  [0;0m  |                     3.53519287  |      +ve      |        
  [1m[4]  [0;0m  |                     4.07576156  |      +ve      |        
  [1m[5]  [0;0m  |                     0.00000000  |      +ve      |        
  [1mindex[0;0m  |  GP_regression.Gaussian_noise.variance  |  constraints  |  priors
  [1m[0]  [0;0m  |                             0.01000000  |   +ve fixed   |        
kernel 7 group 2
  [1mindex[0;0m  |  GP_regression.rbf.variance  |  constraints  |  priors
  [1m[0]  [0;0m  |                 19.23462779  |      +ve      |        
  [1mindex[0;0m  |  GP_regression.rbf.lengthscale  |  constraints  |  priors
  [1m[0]  [0;0m  |                     3.26992463  |      +ve      |        
  [1m[1]  [0;0m  |                     3.36194110  |      +ve      |        
  [1m[2]  [0;0m  |                     4.67565106  |      +ve      |        
  [1m[3]  [0;0m  |                     3.53519287  |      +ve      |        
  [1m[4]  [0;0m  |                     4.07576156  |      +ve      |        
  [1m[5]  [0;0m  |                     0.00000000  |      +ve      |        
  [1mindex[0;0m  |  GP_regression.Gaussian_noise.variance  |  constraints  |  priors
  [1m[0]  [0;0m  |                             0.01000000  |   +ve fixed   |        
kernel 7 group 3
  [1mindex[0;0m  |  GP_regression.rbf.variance  |  constraints  |  priors
  [1m[0]  [0;0m  |                 19.23514446  |      +ve      |        
  [1mindex[0;0m  |  GP_regression.rbf.lengthscale  |  constraints  |  priors
  [1m[0]  [0;0m  |                     3.26992463  |      +ve      |        
  [1m[1]  [0;0m  |                     3.36194110  |      +ve      |        
  [1m[2]  [0;0m  |                     4.67565106  |      +ve      |        
  [1m[3]  [0;0m  |                     3.53519287  |      +ve      |        
  [1m[4]  [0;0m  |                     4.07576156  |      +ve      |        
  [1m[5]  [0;0m  |                     0.00000000  |      +ve      |        
  [1mindex[0;0m  |  GP_regression.Gaussian_noise.variance  |  constraints  |  priors
  [1m[0]  [0;0m  |                             0.01000000  |   +ve fixed   |        
kernel 7 group 4
  [1mindex[0;0m  |  GP_regression.rbf.variance  |  constraints  |  priors
  [1m[0]  [0;0m  |                 19.23570839  |      +ve      |        
  [1mindex[0;0m  |  GP_regression.rbf.lengthscale  |  constraints  |  priors
  [1m[0]  [0;0m  |                     3.26992463  |      +ve      |        
  [1m[1]  [0;0m  |                     3.36194110  |      +ve      |        
  [1m[2]  [0;0m  |                     4.67565106  |      +ve      |        
  [1m[3]  [0;0m  |                     3.53519287  |      +ve      |        
  [1m[4]  [0;0m  |                     4.07576156  |      +ve      |        
  [1m[5]  [0;0m  |                     0.00000000  |      +ve      |        
  [1mindex[0;0m  |  GP_regression.Gaussian_noise.variance  |  constraints  |  priors
  [1m[0]  [0;0m  |                             0.01000000  |   +ve fixed   |        
kernel 7 group 5
  [1mindex[0;0m  |  GP_regression.rbf.variance  |  constraints  |  priors
  [1m[0]  [0;0m  |                 19.23623666  |      +ve      |        
  [1mindex[0;0m  |  GP_regression.rbf.lengthscale  |  constraints  |  priors
  [1m[0]  [0;0m  |                     3.26992463  |      +ve      |        
  [1m[1]  [0;0m  |                     3.36194110  |      +ve      |        
  [1m[2]  [0;0m  |                     4.67565106  |      +ve      |        
  [1m[3]  [0;0m  |                     3.53519287  |      +ve      |        
  [1m[4]  [0;0m  |                     4.07576156  |      +ve      |        
  [1m[5]  [0;0m  |                     0.00000000  |      +ve      |        
  [1mindex[0;0m  |  GP_regression.Gaussian_noise.variance  |  constraints  |  priors
  [1m[0]  [0;0m  |                             0.01000000  |   +ve fixed   |        
kernel 7 group 6
  [1mindex[0;0m  |  GP_regression.rbf.variance  |  constraints  |  priors
  [1m[0]  [0;0m  |                 19.23682672  |      +ve      |        
  [1mindex[0;0m  |  GP_regression.rbf.lengthscale  |  constraints  |  priors
  [1m[0]  [0;0m  |                     3.26992463  |      +ve      |        
  [1m[1]  [0;0m  |                     3.36194110  |      +ve      |        
  [1m[2]  [0;0m  |                     4.67565106  |      +ve      |        
  [1m[3]  [0;0m  |                     3.53519287  |      +ve      |        
  [1m[4]  [0;0m  |                     4.07576156  |      +ve      |        
  [1m[5]  [0;0m  |                     0.00000000  |      +ve      |        
  [1mindex[0;0m  |  GP_regression.Gaussian_noise.variance  |  constraints  |  priors
  [1m[0]  [0;0m  |                             0.01000000  |   +ve fixed   |        
kernel 7 group 7
  [1mindex[0;0m  |  GP_regression.rbf.variance  |  constraints  |  priors
  [1m[0]  [0;0m  |                 19.23739309  |      +ve      |        
  [1mindex[0;0m  |  GP_regression.rbf.lengthscale  |  constraints  |  priors
  [1m[0]  [0;0m  |                     3.26992463  |      +ve      |        
  [1m[1]  [0;0m  |                     3.36194110  |      +ve      |        
  [1m[2]  [0;0m  |                     4.67565106  |      +ve      |        
  [1m[3]  [0;0m  |                     3.53519287  |      +ve      |        
  [1m[4]  [0;0m  |                     4.07576156  |      +ve      |        
  [1m[5]  [0;0m  |                     0.00000000  |      +ve      |        
  [1mindex[0;0m  |  GP_regression.Gaussian_noise.variance  |  constraints  |  priors
  [1m[0]  [0;0m  |                             0.01000000  |   +ve fixed   |        
kernel 7 group 8
  [1mindex[0;0m  |  GP_regression.rbf.variance  |  constraints  |  priors
  [1m[0]  [0;0m  |                 19.23791317  |      +ve      |        
  [1mindex[0;0m  |  GP_regression.rbf.lengthscale  |  constraints  |  priors
  [1m[0]  [0;0m  |                     3.26992463  |      +ve      |        
  [1m[1]  [0;0m  |                     3.36194110  |      +ve      |        
  [1m[2]  [0;0m  |                     4.67565106  |      +ve      |        
  [1m[3]  [0;0m  |                     3.53519287  |      +ve      |        
  [1m[4]  [0;0m  |                     4.07576156  |      +ve      |        
  [1m[5]  [0;0m  |                     0.00000000  |      +ve      |        
  [1mindex[0;0m  |  GP_regression.Gaussian_noise.variance  |  constraints  |  priors
  [1m[0]  [0;0m  |                             0.01000000  |   +ve fixed   |        
kernel 7 group 9
  [1mindex[0;0m  |  GP_regression.rbf.variance  |  constraints  |  priors
  [1m[0]  [0;0m  |                 19.23839369  |      +ve      |        
  [1mindex[0;0m  |  GP_regression.rbf.lengthscale  |  constraints  |  priors
  [1m[0]  [0;0m  |                     3.26992463  |      +ve      |        
  [1m[1]  [0;0m  |                     3.36194110  |      +ve      |        
  [1m[2]  [0;0m  |                     4.67565106  |      +ve      |        
  [1m[3]  [0;0m  |                     3.53519287  |      +ve      |        
  [1m[4]  [0;0m  |                     4.07576156  |      +ve      |        
  [1m[5]  [0;0m  |                     0.00000000  |      +ve      |        
  [1mindex[0;0m  |  GP_regression.Gaussian_noise.variance  |  constraints  |  priors
  [1m[0]  [0;0m  |                             0.01000000  |   +ve fixed   |        
work done on kernel 7
performances successfully evaluated
[(1.5839707633350024, 0.28221748772229766), (1.1658135630347024, 0.27904929863404476), (1.4214899503229779, 0.207887393767021), (1.5647038147870622, 0.22500253101212803), (1.4218844429272284, 0.2993943034053358), (1.4732638325191334, 0.28289909676520386), (1.4685413460244996, 0.2880984936896126), (1.5642631954170114, 0.33143822780299864)]
['RBF isotropic', 'Exponential', 'Matern32', 'Matern52', 'RBF anisotropic', 'RBF anisotropic bounded', 'RBF anisotropic with prior', 'RBF anisotropic sgc']
