All imports successful
Starting to set up the MPI
MPI set up
starting to work on creating the data set
starting to work on simulation 21
simulation 21 : catalogue created
simulation 21 : data acquired
simulation 21 : distribution reduced to BigMD density
simulation 21 : histogram computed
simulation 21 : histogram saved
All imports successful
Starting to set up the MPI
MPI set up
starting to work on creating the data set
starting to work on simulation 14
simulation 14 : catalogue created
simulation 14 : data acquired
simulation 14 : distribution reduced to BigMD density
simulation 14 : histogram computed
simulation 14 : histogram saved
All imports successful
Starting to set up the MPI
MPI set up
starting to work on creating the data set
starting to work on simulation 17
simulation 17 : catalogue created
simulation 17 : data acquired
simulation 17 : distribution reduced to BigMD density
simulation 17 : histogram computed
simulation 17 : histogram saved
All imports successful
Starting to set up the MPI
MPI set up
starting to work on creating the data set
starting to work on simulation 11
simulation 11 : catalogue created
simulation 11 : data acquired
simulation 11 : distribution reduced to BigMD density
simulation 11 : histogram computed
simulation 11 : histogram saved
All imports successful
Starting to set up the MPI
MPI set up
starting to work on creating the data set
starting to work on simulation 15
simulation 15 : catalogue created
simulation 15 : data acquired
simulation 15 : distribution reduced to BigMD density
simulation 15 : histogram computed
simulation 15 : histogram saved
All imports successful
Starting to set up the MPI
MPI set up
starting to work on creating the data set
starting to work on simulation 14
simulation 14 : catalogue created
simulation 14 : data acquired
simulation 14 : distribution reduced to BigMD density
simulation 14 : histogram computed
simulation 14 : histogram saved
All imports successful
Starting to set up the MPI
MPI set up
starting to work on creating the data set
starting to work on simulation 18
simulation 18 : catalogue created
simulation 18 : data acquired
simulation 18 : distribution reduced to BigMD density
simulation 18 : histogram computed
simulation 18 : histogram saved
All imports successful
Starting to set up the MPI
MPI set up
starting to work on creating the data set
starting to work on simulation 13
simulation 13 : catalogue created
simulation 13 : data acquired
simulation 13 : distribution reduced to BigMD density
simulation 13 : histogram computed
simulation 13 : histogram saved
All imports successful
Starting to set up the MPI
MPI set up
starting to work on creating the data set
starting to work on simulation 17
simulation 17 : catalogue created
simulation 17 : data acquired
simulation 17 : distribution reduced to BigMD density
simulation 17 : histogram computed
simulation 17 : histogram saved
All imports successful
Starting to set up the MPI
MPI set up
starting to work on creating the data set
starting to work on simulation 20
simulation 20 : catalogue created
simulation 20 : data acquired
simulation 20 : distribution reduced to BigMD density
simulation 20 : histogram computed
simulation 20 : histogram saved
All imports successful
Starting to set up the MPI
MPI set up
starting to work on creating the data set
starting to work on simulation 18
simulation 18 : catalogue created
simulation 18 : data acquired
simulation 18 : distribution reduced to BigMD density
simulation 18 : histogram computed
simulation 18 : histogram saved
All imports successful
Starting to set up the MPI
MPI set up
starting to work on creating the data set
starting to work on simulation 21
simulation 21 : catalogue created
simulation 21 : data acquired
simulation 21 : distribution reduced to BigMD density
simulation 21 : histogram computed
simulation 21 : histogram saved
All imports successful
Starting to set up the MPI
MPI set up
starting to work on creating the data set
starting to work on simulation 11
simulation 11 : catalogue created
simulation 11 : data acquired
simulation 11 : distribution reduced to BigMD density
simulation 11 : histogram computed
simulation 11 : histogram saved
All imports successful
Starting to set up the MPI
MPI set up
starting to work on creating the data set
starting to work on simulation 12
simulation 12 : catalogue created
simulation 12 : data acquired
simulation 12 : distribution reduced to BigMD density
simulation 12 : histogram computed
simulation 12 : histogram saved
All imports successful
Starting to set up the MPI
MPI set up
starting to work on creating the data set
starting to work on simulation 15
simulation 15 : catalogue created
simulation 15 : data acquired
simulation 15 : distribution reduced to BigMD density
simulation 15 : histogram computed
simulation 15 : histogram saved
All imports successful
Starting to set up the MPI
MPI set up
starting to work on creating the data set
starting to work on simulation 16
simulation 16 : catalogue created
simulation 16 : data acquired
simulation 16 : distribution reduced to BigMD density
simulation 16 : histogram computed
simulation 16 : histogram saved
All imports successful
Starting to set up the MPI
MPI set up
starting to work on creating the data set
starting to work on simulation 12
simulation 12 : catalogue created
simulation 12 : data acquired
simulation 12 : distribution reduced to BigMD density
simulation 12 : histogram computed
simulation 12 : histogram saved
All imports successful
Starting to set up the MPI
MPI set up
starting to work on creating the data set
starting to work on simulation 13
simulation 13 : catalogue created
simulation 13 : data acquired
simulation 13 : distribution reduced to BigMD density
simulation 13 : histogram computed
simulation 13 : histogram saved
All imports successful
Starting to set up the MPI
MPI set up
starting to work on creating the data set
starting to work on simulation 6
simulation 6 : catalogue created
simulation 6 : data acquired
simulation 6 : distribution reduced to BigMD density
simulation 6 : histogram computed
simulation 6 : histogram saved
All imports successful
Starting to set up the MPI
MPI set up
starting to work on creating the data set
starting to work on simulation 5
simulation 5 : catalogue created
simulation 5 : data acquired
simulation 5 : distribution reduced to BigMD density
simulation 5 : histogram computed
simulation 5 : histogram saved
All imports successful
Starting to set up the MPI
MPI set up
starting to work on creating the data set
starting to work on simulation 9
simulation 9 : catalogue created
simulation 9 : data acquired
simulation 9 : distribution reduced to BigMD density
simulation 9 : histogram computed
simulation 9 : histogram saved
All imports successful
Starting to set up the MPI
MPI set up
starting to work on creating the data set
starting to work on simulation 5
simulation 5 : catalogue created
simulation 5 : data acquired
simulation 5 : distribution reduced to BigMD density
simulation 5 : histogram computed
simulation 5 : histogram saved
All imports successful
Starting to set up the MPI
MPI set up
starting to work on creating the data set
starting to work on simulation 20
simulation 20 : catalogue created
simulation 20 : data acquired
simulation 20 : distribution reduced to BigMD density
simulation 20 : histogram computed
simulation 20 : histogram saved
All imports successful
Starting to set up the MPI
MPI set up
starting to work on creating the data set
starting to work on simulation 10
simulation 10 : catalogue created
simulation 10 : data acquired
simulation 10 : distribution reduced to BigMD density
simulation 10 : histogram computed
simulation 10 : histogram saved
All imports successful
Starting to set up the MPI
MPI set up
starting to work on creating the data set
starting to work on simulation 19
simulation 19 : catalogue created
simulation 19 : data acquired
simulation 19 : distribution reduced to BigMD density
simulation 19 : histogram computed
simulation 19 : histogram saved
All imports successful
Starting to set up the MPI
MPI set up
starting to work on creating the data set
starting to work on simulation 4
simulation 4 : catalogue created
simulation 4 : data acquired
simulation 4 : distribution reduced to BigMD density
simulation 4 : histogram computed
simulation 4 : histogram saved
All imports successful
Starting to set up the MPI
MPI set up
starting to work on creating the data set
starting to work on simulation 3
simulation 3 : catalogue created
simulation 3 : data acquired
simulation 3 : distribution reduced to BigMD density
simulation 3 : histogram computed
simulation 3 : histogram saved
All imports successful
Starting to set up the MPI
MPI set up
starting to work on creating the data set
starting to work on simulation 9
simulation 9 : catalogue created
simulation 9 : data acquired
simulation 9 : distribution reduced to BigMD density
simulation 9 : histogram computed
simulation 9 : histogram saved
All imports successful
Starting to set up the MPI
MPI set up
starting to work on creating the data set
starting to work on simulation 7
simulation 7 : catalogue created
simulation 7 : data acquired
simulation 7 : distribution reduced to BigMD density
simulation 7 : histogram computed
simulation 7 : histogram saved
All imports successful
Starting to set up the MPI
MPI set up
starting to work on creating the data set
starting to work on simulation 8
simulation 8 : catalogue created
simulation 8 : data acquired
simulation 8 : distribution reduced to BigMD density
simulation 8 : histogram computed
simulation 8 : histogram saved
All imports successful
Starting to set up the MPI
MPI set up
starting to work on creating the data set
starting to work on simulation 2
simulation 2 : catalogue created
simulation 2 : data acquired
simulation 2 : distribution reduced to BigMD density
simulation 2 : histogram computed
simulation 2 : histogram saved
All imports successful
Starting to set up the MPI
MPI set up
starting to work on creating the data set
starting to work on simulation 8
simulation 8 : catalogue created
simulation 8 : data acquired
simulation 8 : distribution reduced to BigMD density
simulation 8 : histogram computed
simulation 8 : histogram saved
All imports successful
Starting to set up the MPI
MPI set up
starting to work on creating the data set
starting to work on simulation 0
simulation 0 : catalogue created
simulation 0 : data acquired
simulation 0 : distribution reduced to BigMD density
simulation 0 : histogram computed
simulation 0 : histogram saved
All imports successful
Starting to set up the MPI
MPI set up
starting to work on creating the data set
starting to work on simulation 6
simulation 6 : catalogue created
simulation 6 : data acquired
simulation 6 : distribution reduced to BigMD density
simulation 6 : histogram computed
simulation 6 : histogram saved
All imports successful
Starting to set up the MPI
MPI set up
starting to work on creating the data set
starting to work on simulation 16
simulation 16 : catalogue created
simulation 16 : data acquired
simulation 16 : distribution reduced to BigMD density
simulation 16 : histogram computed
simulation 16 : histogram saved
All imports successful
Starting to set up the MPI
MPI set up
starting to work on creating the data set
starting to work on simulation 2
simulation 2 : catalogue created
simulation 2 : data acquired
simulation 2 : distribution reduced to BigMD density
simulation 2 : histogram computed
simulation 2 : histogram saved
All imports successful
Starting to set up the MPI
MPI set up
starting to work on creating the data set
starting to work on simulation 19
simulation 19 : catalogue created
simulation 19 : data acquired
simulation 19 : distribution reduced to BigMD density
simulation 19 : histogram computed
simulation 19 : histogram saved
All imports successful
Starting to set up the MPI
MPI set up
starting to work on creating the data set
starting to work on simulation 1
simulation 1 : catalogue created
simulation 1 : data acquired
simulation 1 : distribution reduced to BigMD density
simulation 1 : histogram computed
simulation 1 : histogram saved
All imports successful
Starting to set up the MPI
MPI set up
starting to work on creating the data set
starting to work on simulation 7
simulation 7 : catalogue created
simulation 7 : data acquired
simulation 7 : distribution reduced to BigMD density
simulation 7 : histogram computed
simulation 7 : histogram saved
All imports successful
Starting to set up the MPI
MPI set up
starting to work on creating the data set
starting to work on simulation 0
simulation 0 : catalogue created
simulation 0 : data acquired
simulation 0 : distribution reduced to BigMD density
simulation 0 : histogram computed
simulation 0 : histogram saved
All imports successful
Starting to set up the MPI
MPI set up
starting to work on creating the data set
starting to work on simulation 10
simulation 10 : catalogue created
simulation 10 : data acquired
simulation 10 : distribution reduced to BigMD density
simulation 10 : histogram computed
simulation 10 : histogram saved
All imports successful
Starting to set up the MPI
MPI set up
starting to work on creating the data set
starting to work on simulation 1
simulation 1 : catalogue created
simulation 1 : data acquired
simulation 1 : distribution reduced to BigMD density
simulation 1 : histogram computed
simulation 1 : histogram saved
All imports successful
Starting to set up the MPI
MPI set up
starting to work on creating the data set
starting to work on simulation 4
simulation 4 : catalogue created
simulation 4 : data acquired
simulation 4 : distribution reduced to BigMD density
simulation 4 : histogram computed
simulation 4 : histogram saved
All imports successful
Starting to set up the MPI
MPI set up
starting to work on creating the data set
starting to work on simulation 3
simulation 3 : catalogue created
simulation 3 : data acquired
simulation 3 : distribution reduced to BigMD density
simulation 3 : histogram computed
simulation 3 : histogram saved
All imports successful
Starting to set up the MPI
MPI set up
starting to work on creating the data set
starting to work on simulation 2
simulation 2 : catalogue created
simulation 2 : data acquired
simulation 2 : distribution reduced to BigMD density
simulation 2 : histogram computed
simulation 2 : histogram saved
All imports successful
Starting to set up the MPI
MPI set up
starting to work on creating the data set
starting to work on simulation 5
simulation 5 : catalogue created
simulation 5 : data acquired
simulation 5 : distribution reduced to BigMD density
simulation 5 : histogram computed
simulation 5 : histogram saved
All imports successful
Starting to set up the MPI
MPI set up
starting to work on creating the data set
starting to work on simulation 3
simulation 3 : catalogue created
simulation 3 : data acquired
simulation 3 : distribution reduced to BigMD density
simulation 3 : histogram computed
simulation 3 : histogram saved
All imports successful
Starting to set up the MPI
MPI set up
starting to work on creating the data set
starting to work on simulation 6
simulation 6 : catalogue created
simulation 6 : data acquired
simulation 6 : distribution reduced to BigMD density
simulation 6 : histogram computed
simulation 6 : histogram saved
All imports successful
Starting to set up the MPI
MPI set up
starting to work on creating the data set
starting to work on simulation 4
simulation 4 : catalogue created
simulation 4 : data acquired
simulation 4 : distribution reduced to BigMD density
simulation 4 : histogram computed
simulation 4 : histogram saved
All imports successful
Starting to set up the MPI
MPI set up
starting to work on creating the data set
starting to work on simulation 0
simulation 0 : catalogue created
simulation 0 : data acquired
simulation 0 : distribution reduced to BigMD density
simulation 0 : histogram computed
simulation 0 : histogram saved
All imports successful
Starting to set up the MPI
MPI set up
starting to work on creating the data set
starting to work on simulation 1
simulation 1 : catalogue created
simulation 1 : data acquired
simulation 1 : distribution reduced to BigMD density
simulation 1 : histogram computed
simulation 1 : histogram saved
All imports successful
Starting to set up the MPI
MPI set up
starting to work on creating the data set
starting to work on simulation 15
simulation 15 : catalogue created
simulation 15 : data acquired
simulation 15 : distribution reduced to BigMD density
simulation 15 : histogram computed
simulation 15 : histogram saved
All imports successful
Starting to set up the MPI
MPI set up
starting to work on creating the data set
starting to work on simulation 11
simulation 11 : catalogue created
simulation 11 : data acquired
simulation 11 : distribution reduced to BigMD density
simulation 11 : histogram computed
simulation 11 : histogram saved
All imports successful
Starting to set up the MPI
MPI set up
starting to work on creating the data set
starting to work on simulation 12
simulation 12 : catalogue created
simulation 12 : data acquired
simulation 12 : distribution reduced to BigMD density
simulation 12 : histogram computed
simulation 12 : histogram saved
All imports successful
Starting to set up the MPI
MPI set up
starting to work on creating the data set
starting to work on simulation 8
simulation 8 : catalogue created
simulation 8 : data acquired
simulation 8 : distribution reduced to BigMD density
simulation 8 : histogram computed
simulation 8 : histogram saved
All imports successful
Starting to set up the MPI
MPI set up
starting to work on creating the data set
starting to work on simulation 14
simulation 14 : catalogue created
simulation 14 : data acquired
simulation 14 : distribution reduced to BigMD density
simulation 14 : histogram computed
simulation 14 : histogram saved
All imports successful
Starting to set up the MPI
MPI set up
starting to work on creating the data set
starting to work on simulation 16
simulation 16 : catalogue created
simulation 16 : data acquired
simulation 16 : distribution reduced to BigMD density
simulation 16 : histogram computed
simulation 16 : histogram saved
All imports successful
Starting to set up the MPI
MPI set up
starting to work on creating the data set
starting to work on simulation 19
simulation 19 : catalogue created
simulation 19 : data acquired
simulation 19 : distribution reduced to BigMD density
simulation 19 : histogram computed
simulation 19 : histogram saved
All imports successful
Starting to set up the MPI
MPI set up
starting to work on creating the data set
starting to work on simulation 20
simulation 20 : catalogue created
simulation 20 : data acquired
simulation 20 : distribution reduced to BigMD density
simulation 20 : histogram computed
simulation 20 : histogram saved
All imports successful
Starting to set up the MPI
MPI set up
starting to work on creating the data set
starting to work on simulation 9
simulation 9 : catalogue created
simulation 9 : data acquired
simulation 9 : distribution reduced to BigMD density
simulation 9 : histogram computed
simulation 9 : histogram saved
All imports successful
Starting to set up the MPI
MPI set up
starting to work on creating the data set
starting to work on simulation 17
simulation 17 : catalogue created
simulation 17 : data acquired
simulation 17 : distribution reduced to BigMD density
simulation 17 : histogram computed
simulation 17 : histogram saved
All imports successful
Starting to set up the MPI
MPI set up
starting to work on creating the data set
starting to work on simulation 13
simulation 13 : catalogue created
simulation 13 : data acquired
simulation 13 : distribution reduced to BigMD density
simulation 13 : histogram computed
simulation 13 : histogram saved
All imports successful
Starting to set up the MPI
MPI set up
starting to work on creating the data set
starting to work on simulation 10
simulation 10 : catalogue created
simulation 10 : data acquired
simulation 10 : distribution reduced to BigMD density
simulation 10 : histogram computed
simulation 10 : histogram saved
All imports successful
Starting to set up the MPI
MPI set up
starting to work on creating the data set
starting to work on simulation 21
simulation 21 : catalogue created
simulation 21 : data acquired
simulation 21 : distribution reduced to BigMD density
simulation 21 : histogram computed
simulation 21 : histogram saved
All imports successful
Starting to set up the MPI
MPI set up
starting to work on creating the data set
starting to work on simulation 7
simulation 7 : catalogue created
simulation 7 : data acquired
simulation 7 : distribution reduced to BigMD density
simulation 7 : histogram computed
simulation 7 : histogram saved
All imports successful
Starting to set up the MPI
MPI set up
starting to work on creating the data set
starting to work on simulation 18
simulation 18 : catalogue created
simulation 18 : data acquired
simulation 18 : distribution reduced to BigMD density
simulation 18 : histogram computed
simulation 18 : histogram saved
